  [4;36;1mSQL (0.2ms)[0m   [0;1m SELECT name
 FROM sqlite_master
 WHERE type = 'table' AND NOT name = 'sqlite_sequence'
[0m
  [4;35;1mSQL (1.7ms)[0m   [0mselect sqlite_version(*)[0m
  [4;36;1mSQL (1.1ms)[0m   [0;1mCREATE TABLE "schema_migrations" ("version" varchar(255) NOT NULL) [0m
  [4;35;1mSQL (0.4ms)[0m   [0mPRAGMA index_list("schema_migrations")[0m
  [4;36;1mSQL (1.2ms)[0m   [0;1mCREATE UNIQUE INDEX "unique_schema_migrations" ON "schema_migrations" ("version")[0m
  [4;35;1mSQL (0.1ms)[0m   [0m SELECT name
 FROM sqlite_master
 WHERE type = 'table' AND NOT name = 'sqlite_sequence'
[0m
  [4;36;1mSQL (0.1ms)[0m   [0;1mSELECT version FROM schema_migrations[0m
Migrating to CreateUsers (20120703213523)
  [4;35;1mSQL (0.3ms)[0m   [0mCREATE TABLE "users" ("id" INTEGER PRIMARY KEY AUTOINCREMENT NOT NULL, "first_name" varchar(255), "last_name" varchar(255), "created_at" datetime, "updated_at" datetime) [0m
  [4;36;1mSQL (0.1ms)[0m   [0;1mINSERT INTO schema_migrations (version) VALUES ('20120703213523')[0m
  [4;35;1mSQL (0.1ms)[0m   [0m SELECT name
 FROM sqlite_master
 WHERE type = 'table' AND NOT name = 'sqlite_sequence'
[0m
  [4;36;1mSQL (0.1ms)[0m   [0;1mSELECT version FROM schema_migrations[0m
  [4;35;1mSQL (0.1ms)[0m   [0m SELECT name
 FROM sqlite_master
 WHERE type = 'table' AND NOT name = 'sqlite_sequence'
[0m
  [4;36;1mSQL (0.0ms)[0m   [0;1mPRAGMA index_list("users")[0m
  [4;36;1mUser Load (0.1ms)[0m   [0;1mSELECT * FROM "users" WHERE ("users"."first_name" = 'Chuck') LIMIT 1[0m
  [4;35;1mUser Create (0.3ms)[0m   [0mINSERT INTO "users" ("first_name", "last_name", "updated_at", "created_at") VALUES('Chuck', 'Testa', '2012-07-03 21:49:33', '2012-07-03 21:49:33')[0m
  [4;36;1mUser Load (0.1ms)[0m   [0;1mSELECT * FROM "users" WHERE ("users"."first_name" = 'Don') LIMIT 1[0m
  [4;35;1mUser Create (0.2ms)[0m   [0mINSERT INTO "users" ("first_name", "last_name", "updated_at", "created_at") VALUES('Don', 'Rogers', '2012-07-03 21:49:33', '2012-07-03 21:49:33')[0m


Processing UsersController#index (for 127.0.0.1 at 2012-07-03 14:52:30) [GET]
  [4;36;1mUser Load (0.4ms)[0m   [0;1mSELECT * FROM "users" [0m

ActionView::MissingTemplate (Missing template users/index.erb in view path app/views):
  /Users/mnelson/.rvm/rubies/ree-1.8.7-2012.01/lib/ruby/1.8/webrick/httpserver.rb:104:in `service'
  /Users/mnelson/.rvm/rubies/ree-1.8.7-2012.01/lib/ruby/1.8/webrick/httpserver.rb:65:in `run'
  /Users/mnelson/.rvm/rubies/ree-1.8.7-2012.01/lib/ruby/1.8/webrick/server.rb:173:in `start_thread'
  /Users/mnelson/.rvm/rubies/ree-1.8.7-2012.01/lib/ruby/1.8/webrick/server.rb:162:in `start'
  /Users/mnelson/.rvm/rubies/ree-1.8.7-2012.01/lib/ruby/1.8/webrick/server.rb:162

Rendering rescues/layout (internal_server_error)


Processing UsersController#index (for 127.0.0.1 at 2012-07-03 14:52:31) [GET]
  [4;35;1mUser Load (0.3ms)[0m   [0mSELECT * FROM "users" [0m

ActionView::MissingTemplate (Missing template users/index.erb in view path app/views):
  /Users/mnelson/.rvm/rubies/ree-1.8.7-2012.01/lib/ruby/1.8/webrick/httpserver.rb:104:in `service'
  /Users/mnelson/.rvm/rubies/ree-1.8.7-2012.01/lib/ruby/1.8/webrick/httpserver.rb:65:in `run'
  /Users/mnelson/.rvm/rubies/ree-1.8.7-2012.01/lib/ruby/1.8/webrick/server.rb:173:in `start_thread'
  /Users/mnelson/.rvm/rubies/ree-1.8.7-2012.01/lib/ruby/1.8/webrick/server.rb:162:in `start'
  /Users/mnelson/.rvm/rubies/ree-1.8.7-2012.01/lib/ruby/1.8/webrick/server.rb:162

Rendering rescues/layout (internal_server_error)


Processing UsersController#index (for 127.0.0.1 at 2012-07-03 14:53:58) [GET]
  [4;36;1mUser Load (0.3ms)[0m   [0;1mSELECT * FROM "users" [0m
Rendering users/index
Completed in 7ms (View: 4, DB: 0) | 200 OK [http://localhost/]


Processing UsersController#show (for 127.0.0.1 at 2012-07-03 14:54:30) [GET]
  Parameters: {"id"=>"1"}
  [4;35;1mUser Load (0.2ms)[0m   [0mSELECT * FROM "users" WHERE ("users"."id" = 1) [0m
Rendering users/show
Completed in 8ms (View: 5, DB: 0) | 200 OK [http://localhost/users/1]


Processing UsersController#show (for 127.0.0.1 at 2012-07-03 14:55:06) [GET]
  Parameters: {"id"=>"1"}
  [4;36;1mUser Load (0.1ms)[0m   [0;1mSELECT * FROM "users" WHERE ("users"."id" = 1) [0m
Rendering users/show
Completed in 4ms (View: 1, DB: 0) | 200 OK [http://localhost/users/1]


Processing UsersController#account (for 127.0.0.1 at 2012-07-03 14:55:09) [GET]
  Parameters: {"id"=>"1"}
  [4;35;1mUser Load (0.1ms)[0m   [0mSELECT * FROM "users" WHERE ("users"."id" = 1) [0m
Rendering users/account
Completed in 7ms (View: 4, DB: 0) | 200 OK [http://localhost/users/1/account]


Processing UsersController#index (for 127.0.0.1 at 2012-07-03 14:55:11) [GET]
  [4;36;1mUser Load (0.3ms)[0m   [0;1mSELECT * FROM "users" [0m
Rendering users/index
Completed in 9ms (View: 6, DB: 0) | 200 OK [http://localhost/users]
/!\ FAILSAFE /!\  Tue Jul 03 16:01:43 -0700 2012
  Status: 500 Internal Server Error
  wrong number of arguments (3 for 1)
    /Users/mnelson/projects/gems/storehouse/lib/storehouse/middleware.rb:13:in `Array'
    /Users/mnelson/projects/gems/storehouse/lib/storehouse/middleware.rb:13:in `call'
    /Users/mnelson/.rvm/gems/ree-1.8.7-2012.01@mockery2/gems/actionpack-2.3.14/lib/action_controller/string_coercion.rb:25:in `call'
    /Users/mnelson/.rvm/gems/ree-1.8.7-2012.01@mockery2/gems/rack-1.1.3/lib/rack/head.rb:9:in `call'
    /Users/mnelson/.rvm/gems/ree-1.8.7-2012.01@mockery2/gems/rack-1.1.3/lib/rack/methodoverride.rb:24:in `call'
    /Users/mnelson/.rvm/gems/ree-1.8.7-2012.01@mockery2/gems/actionpack-2.3.14/lib/action_controller/params_parser.rb:15:in `call'
    /Users/mnelson/.rvm/gems/ree-1.8.7-2012.01@mockery2/gems/actionpack-2.3.14/lib/action_controller/session/cookie_store.rb:99:in `call'
    /Users/mnelson/.rvm/gems/ree-1.8.7-2012.01@mockery2/gems/actionpack-2.3.14/lib/action_controller/failsafe.rb:26:in `call'
    /Users/mnelson/.rvm/gems/ree-1.8.7-2012.01@mockery2/gems/rack-1.1.3/lib/rack/lock.rb:11:in `call'
    /Users/mnelson/.rvm/gems/ree-1.8.7-2012.01@mockery2/gems/rack-1.1.3/lib/rack/lock.rb:11:in `synchronize'
    /Users/mnelson/.rvm/gems/ree-1.8.7-2012.01@mockery2/gems/rack-1.1.3/lib/rack/lock.rb:11:in `call'
    /Users/mnelson/.rvm/gems/ree-1.8.7-2012.01@mockery2/gems/actionpack-2.3.14/lib/action_controller/dispatcher.rb:114:in `call'
    /Users/mnelson/.rvm/gems/ree-1.8.7-2012.01@mockery2/gems/actionpack-2.3.14/lib/action_controller/reloader.rb:34:in `run'
    /Users/mnelson/.rvm/gems/ree-1.8.7-2012.01@mockery2/gems/actionpack-2.3.14/lib/action_controller/dispatcher.rb:108:in `call'
    /Users/mnelson/.rvm/gems/ree-1.8.7-2012.01@mockery2/gems/rails-2.3.14/lib/rails/rack/static.rb:31:in `call'
    /Users/mnelson/.rvm/gems/ree-1.8.7-2012.01@mockery2/gems/rack-1.1.3/lib/rack/urlmap.rb:47:in `call'
    /Users/mnelson/.rvm/gems/ree-1.8.7-2012.01@mockery2/gems/rack-1.1.3/lib/rack/urlmap.rb:41:in `each'
    /Users/mnelson/.rvm/gems/ree-1.8.7-2012.01@mockery2/gems/rack-1.1.3/lib/rack/urlmap.rb:41:in `call'
    /Users/mnelson/.rvm/gems/ree-1.8.7-2012.01@mockery2/gems/rails-2.3.14/lib/rails/rack/log_tailer.rb:17:in `call'
    /Users/mnelson/.rvm/gems/ree-1.8.7-2012.01@mockery2/gems/rack-1.1.3/lib/rack/content_length.rb:13:in `call'
    /Users/mnelson/.rvm/gems/ree-1.8.7-2012.01@mockery2/gems/rack-1.1.3/lib/rack/handler/webrick.rb:48:in `service'
    /Users/mnelson/.rvm/rubies/ree-1.8.7-2012.01/lib/ruby/1.8/webrick/httpserver.rb:104:in `service'
    /Users/mnelson/.rvm/rubies/ree-1.8.7-2012.01/lib/ruby/1.8/webrick/httpserver.rb:65:in `run'
    /Users/mnelson/.rvm/rubies/ree-1.8.7-2012.01/lib/ruby/1.8/webrick/server.rb:173:in `start_thread'
    /Users/mnelson/.rvm/rubies/ree-1.8.7-2012.01/lib/ruby/1.8/webrick/server.rb:162:in `start'
    /Users/mnelson/.rvm/rubies/ree-1.8.7-2012.01/lib/ruby/1.8/webrick/server.rb:162
/!\ FAILSAFE /!\  Tue Jul 03 16:01:44 -0700 2012
  Status: 500 Internal Server Error
  wrong number of arguments (3 for 1)
    /Users/mnelson/projects/gems/storehouse/lib/storehouse/middleware.rb:13:in `Array'
    /Users/mnelson/projects/gems/storehouse/lib/storehouse/middleware.rb:13:in `call'
    /Users/mnelson/.rvm/gems/ree-1.8.7-2012.01@mockery2/gems/actionpack-2.3.14/lib/action_controller/string_coercion.rb:25:in `call'
    /Users/mnelson/.rvm/gems/ree-1.8.7-2012.01@mockery2/gems/rack-1.1.3/lib/rack/head.rb:9:in `call'
    /Users/mnelson/.rvm/gems/ree-1.8.7-2012.01@mockery2/gems/rack-1.1.3/lib/rack/methodoverride.rb:24:in `call'
    /Users/mnelson/.rvm/gems/ree-1.8.7-2012.01@mockery2/gems/actionpack-2.3.14/lib/action_controller/params_parser.rb:15:in `call'
    /Users/mnelson/.rvm/gems/ree-1.8.7-2012.01@mockery2/gems/actionpack-2.3.14/lib/action_controller/session/cookie_store.rb:99:in `call'
    /Users/mnelson/.rvm/gems/ree-1.8.7-2012.01@mockery2/gems/actionpack-2.3.14/lib/action_controller/failsafe.rb:26:in `call'
    /Users/mnelson/.rvm/gems/ree-1.8.7-2012.01@mockery2/gems/rack-1.1.3/lib/rack/lock.rb:11:in `call'
    /Users/mnelson/.rvm/gems/ree-1.8.7-2012.01@mockery2/gems/rack-1.1.3/lib/rack/lock.rb:11:in `synchronize'
    /Users/mnelson/.rvm/gems/ree-1.8.7-2012.01@mockery2/gems/rack-1.1.3/lib/rack/lock.rb:11:in `call'
    /Users/mnelson/.rvm/gems/ree-1.8.7-2012.01@mockery2/gems/actionpack-2.3.14/lib/action_controller/dispatcher.rb:114:in `call'
    /Users/mnelson/.rvm/gems/ree-1.8.7-2012.01@mockery2/gems/actionpack-2.3.14/lib/action_controller/reloader.rb:34:in `run'
    /Users/mnelson/.rvm/gems/ree-1.8.7-2012.01@mockery2/gems/actionpack-2.3.14/lib/action_controller/dispatcher.rb:108:in `call'
    /Users/mnelson/.rvm/gems/ree-1.8.7-2012.01@mockery2/gems/rails-2.3.14/lib/rails/rack/static.rb:31:in `call'
    /Users/mnelson/.rvm/gems/ree-1.8.7-2012.01@mockery2/gems/rack-1.1.3/lib/rack/urlmap.rb:47:in `call'
    /Users/mnelson/.rvm/gems/ree-1.8.7-2012.01@mockery2/gems/rack-1.1.3/lib/rack/urlmap.rb:41:in `each'
    /Users/mnelson/.rvm/gems/ree-1.8.7-2012.01@mockery2/gems/rack-1.1.3/lib/rack/urlmap.rb:41:in `call'
    /Users/mnelson/.rvm/gems/ree-1.8.7-2012.01@mockery2/gems/rails-2.3.14/lib/rails/rack/log_tailer.rb:17:in `call'
    /Users/mnelson/.rvm/gems/ree-1.8.7-2012.01@mockery2/gems/rack-1.1.3/lib/rack/content_length.rb:13:in `call'
    /Users/mnelson/.rvm/gems/ree-1.8.7-2012.01@mockery2/gems/rack-1.1.3/lib/rack/handler/webrick.rb:48:in `service'
    /Users/mnelson/.rvm/rubies/ree-1.8.7-2012.01/lib/ruby/1.8/webrick/httpserver.rb:104:in `service'
    /Users/mnelson/.rvm/rubies/ree-1.8.7-2012.01/lib/ruby/1.8/webrick/httpserver.rb:65:in `run'
    /Users/mnelson/.rvm/rubies/ree-1.8.7-2012.01/lib/ruby/1.8/webrick/server.rb:173:in `start_thread'
    /Users/mnelson/.rvm/rubies/ree-1.8.7-2012.01/lib/ruby/1.8/webrick/server.rb:162:in `start'
    /Users/mnelson/.rvm/rubies/ree-1.8.7-2012.01/lib/ruby/1.8/webrick/server.rb:162
/!\ FAILSAFE /!\  Tue Jul 03 16:01:44 -0700 2012
  Status: 500 Internal Server Error
  wrong number of arguments (3 for 1)
    /Users/mnelson/projects/gems/storehouse/lib/storehouse/middleware.rb:13:in `Array'
    /Users/mnelson/projects/gems/storehouse/lib/storehouse/middleware.rb:13:in `call'
    /Users/mnelson/.rvm/gems/ree-1.8.7-2012.01@mockery2/gems/actionpack-2.3.14/lib/action_controller/string_coercion.rb:25:in `call'
    /Users/mnelson/.rvm/gems/ree-1.8.7-2012.01@mockery2/gems/rack-1.1.3/lib/rack/head.rb:9:in `call'
    /Users/mnelson/.rvm/gems/ree-1.8.7-2012.01@mockery2/gems/rack-1.1.3/lib/rack/methodoverride.rb:24:in `call'
    /Users/mnelson/.rvm/gems/ree-1.8.7-2012.01@mockery2/gems/actionpack-2.3.14/lib/action_controller/params_parser.rb:15:in `call'
    /Users/mnelson/.rvm/gems/ree-1.8.7-2012.01@mockery2/gems/actionpack-2.3.14/lib/action_controller/session/cookie_store.rb:99:in `call'
    /Users/mnelson/.rvm/gems/ree-1.8.7-2012.01@mockery2/gems/actionpack-2.3.14/lib/action_controller/failsafe.rb:26:in `call'
    /Users/mnelson/.rvm/gems/ree-1.8.7-2012.01@mockery2/gems/rack-1.1.3/lib/rack/lock.rb:11:in `call'
    /Users/mnelson/.rvm/gems/ree-1.8.7-2012.01@mockery2/gems/rack-1.1.3/lib/rack/lock.rb:11:in `synchronize'
    /Users/mnelson/.rvm/gems/ree-1.8.7-2012.01@mockery2/gems/rack-1.1.3/lib/rack/lock.rb:11:in `call'
    /Users/mnelson/.rvm/gems/ree-1.8.7-2012.01@mockery2/gems/actionpack-2.3.14/lib/action_controller/dispatcher.rb:114:in `call'
    /Users/mnelson/.rvm/gems/ree-1.8.7-2012.01@mockery2/gems/actionpack-2.3.14/lib/action_controller/reloader.rb:34:in `run'
    /Users/mnelson/.rvm/gems/ree-1.8.7-2012.01@mockery2/gems/actionpack-2.3.14/lib/action_controller/dispatcher.rb:108:in `call'
    /Users/mnelson/.rvm/gems/ree-1.8.7-2012.01@mockery2/gems/rails-2.3.14/lib/rails/rack/static.rb:31:in `call'
    /Users/mnelson/.rvm/gems/ree-1.8.7-2012.01@mockery2/gems/rack-1.1.3/lib/rack/urlmap.rb:47:in `call'
    /Users/mnelson/.rvm/gems/ree-1.8.7-2012.01@mockery2/gems/rack-1.1.3/lib/rack/urlmap.rb:41:in `each'
    /Users/mnelson/.rvm/gems/ree-1.8.7-2012.01@mockery2/gems/rack-1.1.3/lib/rack/urlmap.rb:41:in `call'
    /Users/mnelson/.rvm/gems/ree-1.8.7-2012.01@mockery2/gems/rails-2.3.14/lib/rails/rack/log_tailer.rb:17:in `call'
    /Users/mnelson/.rvm/gems/ree-1.8.7-2012.01@mockery2/gems/rack-1.1.3/lib/rack/content_length.rb:13:in `call'
    /Users/mnelson/.rvm/gems/ree-1.8.7-2012.01@mockery2/gems/rack-1.1.3/lib/rack/handler/webrick.rb:48:in `service'
    /Users/mnelson/.rvm/rubies/ree-1.8.7-2012.01/lib/ruby/1.8/webrick/httpserver.rb:104:in `service'
    /Users/mnelson/.rvm/rubies/ree-1.8.7-2012.01/lib/ruby/1.8/webrick/httpserver.rb:65:in `run'
    /Users/mnelson/.rvm/rubies/ree-1.8.7-2012.01/lib/ruby/1.8/webrick/server.rb:173:in `start_thread'
    /Users/mnelson/.rvm/rubies/ree-1.8.7-2012.01/lib/ruby/1.8/webrick/server.rb:162:in `start'
    /Users/mnelson/.rvm/rubies/ree-1.8.7-2012.01/lib/ruby/1.8/webrick/server.rb:162
/!\ FAILSAFE /!\  Tue Jul 03 16:01:45 -0700 2012
  Status: 500 Internal Server Error
  wrong number of arguments (3 for 1)
    /Users/mnelson/projects/gems/storehouse/lib/storehouse/middleware.rb:13:in `Array'
    /Users/mnelson/projects/gems/storehouse/lib/storehouse/middleware.rb:13:in `call'
    /Users/mnelson/.rvm/gems/ree-1.8.7-2012.01@mockery2/gems/actionpack-2.3.14/lib/action_controller/string_coercion.rb:25:in `call'
    /Users/mnelson/.rvm/gems/ree-1.8.7-2012.01@mockery2/gems/rack-1.1.3/lib/rack/head.rb:9:in `call'
    /Users/mnelson/.rvm/gems/ree-1.8.7-2012.01@mockery2/gems/rack-1.1.3/lib/rack/methodoverride.rb:24:in `call'
    /Users/mnelson/.rvm/gems/ree-1.8.7-2012.01@mockery2/gems/actionpack-2.3.14/lib/action_controller/params_parser.rb:15:in `call'
    /Users/mnelson/.rvm/gems/ree-1.8.7-2012.01@mockery2/gems/actionpack-2.3.14/lib/action_controller/session/cookie_store.rb:99:in `call'
    /Users/mnelson/.rvm/gems/ree-1.8.7-2012.01@mockery2/gems/actionpack-2.3.14/lib/action_controller/failsafe.rb:26:in `call'
    /Users/mnelson/.rvm/gems/ree-1.8.7-2012.01@mockery2/gems/rack-1.1.3/lib/rack/lock.rb:11:in `call'
    /Users/mnelson/.rvm/gems/ree-1.8.7-2012.01@mockery2/gems/rack-1.1.3/lib/rack/lock.rb:11:in `synchronize'
    /Users/mnelson/.rvm/gems/ree-1.8.7-2012.01@mockery2/gems/rack-1.1.3/lib/rack/lock.rb:11:in `call'
    /Users/mnelson/.rvm/gems/ree-1.8.7-2012.01@mockery2/gems/actionpack-2.3.14/lib/action_controller/dispatcher.rb:114:in `call'
    /Users/mnelson/.rvm/gems/ree-1.8.7-2012.01@mockery2/gems/actionpack-2.3.14/lib/action_controller/reloader.rb:34:in `run'
    /Users/mnelson/.rvm/gems/ree-1.8.7-2012.01@mockery2/gems/actionpack-2.3.14/lib/action_controller/dispatcher.rb:108:in `call'
    /Users/mnelson/.rvm/gems/ree-1.8.7-2012.01@mockery2/gems/rails-2.3.14/lib/rails/rack/static.rb:31:in `call'
    /Users/mnelson/.rvm/gems/ree-1.8.7-2012.01@mockery2/gems/rack-1.1.3/lib/rack/urlmap.rb:47:in `call'
    /Users/mnelson/.rvm/gems/ree-1.8.7-2012.01@mockery2/gems/rack-1.1.3/lib/rack/urlmap.rb:41:in `each'
    /Users/mnelson/.rvm/gems/ree-1.8.7-2012.01@mockery2/gems/rack-1.1.3/lib/rack/urlmap.rb:41:in `call'
    /Users/mnelson/.rvm/gems/ree-1.8.7-2012.01@mockery2/gems/rails-2.3.14/lib/rails/rack/log_tailer.rb:17:in `call'
    /Users/mnelson/.rvm/gems/ree-1.8.7-2012.01@mockery2/gems/rack-1.1.3/lib/rack/content_length.rb:13:in `call'
    /Users/mnelson/.rvm/gems/ree-1.8.7-2012.01@mockery2/gems/rack-1.1.3/lib/rack/handler/webrick.rb:48:in `service'
    /Users/mnelson/.rvm/rubies/ree-1.8.7-2012.01/lib/ruby/1.8/webrick/httpserver.rb:104:in `service'
    /Users/mnelson/.rvm/rubies/ree-1.8.7-2012.01/lib/ruby/1.8/webrick/httpserver.rb:65:in `run'
    /Users/mnelson/.rvm/rubies/ree-1.8.7-2012.01/lib/ruby/1.8/webrick/server.rb:173:in `start_thread'
    /Users/mnelson/.rvm/rubies/ree-1.8.7-2012.01/lib/ruby/1.8/webrick/server.rb:162:in `start'
    /Users/mnelson/.rvm/rubies/ree-1.8.7-2012.01/lib/ruby/1.8/webrick/server.rb:162
/!\ FAILSAFE /!\  Tue Jul 03 16:03:55 -0700 2012
  Status: 500 Internal Server Error
  undefined local variable or method `adapter_config' for #<Storehouse::Middleware:0x10a509960>
    /Users/mnelson/projects/gems/storehouse/lib/storehouse/middleware.rb:30:in `cache_store'
    /Users/mnelson/projects/gems/storehouse/lib/storehouse/middleware.rb:15:in `call'
    /Users/mnelson/.rvm/gems/ree-1.8.7-2012.01@mockery2/gems/actionpack-2.3.14/lib/action_controller/string_coercion.rb:25:in `call'
    /Users/mnelson/.rvm/gems/ree-1.8.7-2012.01@mockery2/gems/rack-1.1.3/lib/rack/head.rb:9:in `call'
    /Users/mnelson/.rvm/gems/ree-1.8.7-2012.01@mockery2/gems/rack-1.1.3/lib/rack/methodoverride.rb:24:in `call'
    /Users/mnelson/.rvm/gems/ree-1.8.7-2012.01@mockery2/gems/actionpack-2.3.14/lib/action_controller/params_parser.rb:15:in `call'
    /Users/mnelson/.rvm/gems/ree-1.8.7-2012.01@mockery2/gems/actionpack-2.3.14/lib/action_controller/session/cookie_store.rb:99:in `call'
    /Users/mnelson/.rvm/gems/ree-1.8.7-2012.01@mockery2/gems/actionpack-2.3.14/lib/action_controller/failsafe.rb:26:in `call'
    /Users/mnelson/.rvm/gems/ree-1.8.7-2012.01@mockery2/gems/rack-1.1.3/lib/rack/lock.rb:11:in `call'
    /Users/mnelson/.rvm/gems/ree-1.8.7-2012.01@mockery2/gems/rack-1.1.3/lib/rack/lock.rb:11:in `synchronize'
    /Users/mnelson/.rvm/gems/ree-1.8.7-2012.01@mockery2/gems/rack-1.1.3/lib/rack/lock.rb:11:in `call'
    /Users/mnelson/.rvm/gems/ree-1.8.7-2012.01@mockery2/gems/actionpack-2.3.14/lib/action_controller/dispatcher.rb:114:in `call'
    /Users/mnelson/.rvm/gems/ree-1.8.7-2012.01@mockery2/gems/actionpack-2.3.14/lib/action_controller/reloader.rb:34:in `run'
    /Users/mnelson/.rvm/gems/ree-1.8.7-2012.01@mockery2/gems/actionpack-2.3.14/lib/action_controller/dispatcher.rb:108:in `call'
    /Users/mnelson/.rvm/gems/ree-1.8.7-2012.01@mockery2/gems/thin-1.4.1/lib/rack/adapter/rails.rb:69:in `call'
    /Users/mnelson/.rvm/gems/ree-1.8.7-2012.01@mockery2/gems/thin-1.4.1/lib/thin/connection.rb:80:in `pre_process'
    /Users/mnelson/.rvm/gems/ree-1.8.7-2012.01@mockery2/gems/thin-1.4.1/lib/thin/connection.rb:78:in `catch'
    /Users/mnelson/.rvm/gems/ree-1.8.7-2012.01@mockery2/gems/thin-1.4.1/lib/thin/connection.rb:78:in `pre_process'
    /Users/mnelson/.rvm/gems/ree-1.8.7-2012.01@mockery2/gems/thin-1.4.1/lib/thin/connection.rb:53:in `process'
    /Users/mnelson/.rvm/gems/ree-1.8.7-2012.01@mockery2/gems/thin-1.4.1/lib/thin/connection.rb:38:in `receive_data'
    /Users/mnelson/.rvm/gems/ree-1.8.7-2012.01@mockery2/gems/eventmachine-0.12.10/lib/eventmachine.rb:256:in `run_machine'
    /Users/mnelson/.rvm/gems/ree-1.8.7-2012.01@mockery2/gems/eventmachine-0.12.10/lib/eventmachine.rb:256:in `run'
    /Users/mnelson/.rvm/gems/ree-1.8.7-2012.01@mockery2/gems/thin-1.4.1/lib/thin/backends/base.rb:63:in `start'
    /Users/mnelson/.rvm/gems/ree-1.8.7-2012.01@mockery2/gems/thin-1.4.1/lib/thin/server.rb:159:in `start'
    /Users/mnelson/.rvm/gems/ree-1.8.7-2012.01@mockery2/gems/thin-1.4.1/lib/thin/controllers/controller.rb:86:in `start'
    /Users/mnelson/.rvm/gems/ree-1.8.7-2012.01@mockery2/gems/thin-1.4.1/lib/thin/runner.rb:185:in `send'
    /Users/mnelson/.rvm/gems/ree-1.8.7-2012.01@mockery2/gems/thin-1.4.1/lib/thin/runner.rb:185:in `run_command'
    /Users/mnelson/.rvm/gems/ree-1.8.7-2012.01@mockery2/gems/thin-1.4.1/lib/thin/runner.rb:151:in `run!'
    /Users/mnelson/.rvm/gems/ree-1.8.7-2012.01@mockery2/gems/thin-1.4.1/bin/thin:6
    /Users/mnelson/.rvm/gems/ree-1.8.7-2012.01@mockery2/bin/thin:19:in `load'
    /Users/mnelson/.rvm/gems/ree-1.8.7-2012.01@mockery2/bin/thin:19
/!\ FAILSAFE /!\  Tue Jul 03 16:03:55 -0700 2012
  Status: 500 Internal Server Error
  undefined local variable or method `adapter_config' for #<Storehouse::Middleware:0x10a468b50>
    /Users/mnelson/projects/gems/storehouse/lib/storehouse/middleware.rb:30:in `cache_store'
    /Users/mnelson/projects/gems/storehouse/lib/storehouse/middleware.rb:15:in `call'
    /Users/mnelson/.rvm/gems/ree-1.8.7-2012.01@mockery2/gems/actionpack-2.3.14/lib/action_controller/string_coercion.rb:25:in `call'
    /Users/mnelson/.rvm/gems/ree-1.8.7-2012.01@mockery2/gems/rack-1.1.3/lib/rack/head.rb:9:in `call'
    /Users/mnelson/.rvm/gems/ree-1.8.7-2012.01@mockery2/gems/rack-1.1.3/lib/rack/methodoverride.rb:24:in `call'
    /Users/mnelson/.rvm/gems/ree-1.8.7-2012.01@mockery2/gems/actionpack-2.3.14/lib/action_controller/params_parser.rb:15:in `call'
    /Users/mnelson/.rvm/gems/ree-1.8.7-2012.01@mockery2/gems/actionpack-2.3.14/lib/action_controller/session/cookie_store.rb:99:in `call'
    /Users/mnelson/.rvm/gems/ree-1.8.7-2012.01@mockery2/gems/actionpack-2.3.14/lib/action_controller/failsafe.rb:26:in `call'
    /Users/mnelson/.rvm/gems/ree-1.8.7-2012.01@mockery2/gems/rack-1.1.3/lib/rack/lock.rb:11:in `call'
    /Users/mnelson/.rvm/gems/ree-1.8.7-2012.01@mockery2/gems/rack-1.1.3/lib/rack/lock.rb:11:in `synchronize'
    /Users/mnelson/.rvm/gems/ree-1.8.7-2012.01@mockery2/gems/rack-1.1.3/lib/rack/lock.rb:11:in `call'
    /Users/mnelson/.rvm/gems/ree-1.8.7-2012.01@mockery2/gems/actionpack-2.3.14/lib/action_controller/dispatcher.rb:114:in `call'
    /Users/mnelson/.rvm/gems/ree-1.8.7-2012.01@mockery2/gems/actionpack-2.3.14/lib/action_controller/reloader.rb:34:in `run'
    /Users/mnelson/.rvm/gems/ree-1.8.7-2012.01@mockery2/gems/actionpack-2.3.14/lib/action_controller/dispatcher.rb:108:in `call'
    /Users/mnelson/.rvm/gems/ree-1.8.7-2012.01@mockery2/gems/thin-1.4.1/lib/rack/adapter/rails.rb:69:in `call'
    /Users/mnelson/.rvm/gems/ree-1.8.7-2012.01@mockery2/gems/thin-1.4.1/lib/thin/connection.rb:80:in `pre_process'
    /Users/mnelson/.rvm/gems/ree-1.8.7-2012.01@mockery2/gems/thin-1.4.1/lib/thin/connection.rb:78:in `catch'
    /Users/mnelson/.rvm/gems/ree-1.8.7-2012.01@mockery2/gems/thin-1.4.1/lib/thin/connection.rb:78:in `pre_process'
    /Users/mnelson/.rvm/gems/ree-1.8.7-2012.01@mockery2/gems/thin-1.4.1/lib/thin/connection.rb:53:in `process'
    /Users/mnelson/.rvm/gems/ree-1.8.7-2012.01@mockery2/gems/thin-1.4.1/lib/thin/connection.rb:38:in `receive_data'
    /Users/mnelson/.rvm/gems/ree-1.8.7-2012.01@mockery2/gems/eventmachine-0.12.10/lib/eventmachine.rb:256:in `run_machine'
    /Users/mnelson/.rvm/gems/ree-1.8.7-2012.01@mockery2/gems/eventmachine-0.12.10/lib/eventmachine.rb:256:in `run'
    /Users/mnelson/.rvm/gems/ree-1.8.7-2012.01@mockery2/gems/thin-1.4.1/lib/thin/backends/base.rb:63:in `start'
    /Users/mnelson/.rvm/gems/ree-1.8.7-2012.01@mockery2/gems/thin-1.4.1/lib/thin/server.rb:159:in `start'
    /Users/mnelson/.rvm/gems/ree-1.8.7-2012.01@mockery2/gems/thin-1.4.1/lib/thin/controllers/controller.rb:86:in `start'
    /Users/mnelson/.rvm/gems/ree-1.8.7-2012.01@mockery2/gems/thin-1.4.1/lib/thin/runner.rb:185:in `send'
    /Users/mnelson/.rvm/gems/ree-1.8.7-2012.01@mockery2/gems/thin-1.4.1/lib/thin/runner.rb:185:in `run_command'
    /Users/mnelson/.rvm/gems/ree-1.8.7-2012.01@mockery2/gems/thin-1.4.1/lib/thin/runner.rb:151:in `run!'
    /Users/mnelson/.rvm/gems/ree-1.8.7-2012.01@mockery2/gems/thin-1.4.1/bin/thin:6
    /Users/mnelson/.rvm/gems/ree-1.8.7-2012.01@mockery2/bin/thin:19:in `load'
    /Users/mnelson/.rvm/gems/ree-1.8.7-2012.01@mockery2/bin/thin:19
/!\ FAILSAFE /!\  Tue Jul 03 16:03:58 -0700 2012
  Status: 500 Internal Server Error
  undefined local variable or method `adapter_config' for #<Storehouse::Middleware:0x10a45ad98>
    /Users/mnelson/projects/gems/storehouse/lib/storehouse/middleware.rb:30:in `cache_store'
    /Users/mnelson/projects/gems/storehouse/lib/storehouse/middleware.rb:15:in `call'
    /Users/mnelson/.rvm/gems/ree-1.8.7-2012.01@mockery2/gems/actionpack-2.3.14/lib/action_controller/string_coercion.rb:25:in `call'
    /Users/mnelson/.rvm/gems/ree-1.8.7-2012.01@mockery2/gems/rack-1.1.3/lib/rack/head.rb:9:in `call'
    /Users/mnelson/.rvm/gems/ree-1.8.7-2012.01@mockery2/gems/rack-1.1.3/lib/rack/methodoverride.rb:24:in `call'
    /Users/mnelson/.rvm/gems/ree-1.8.7-2012.01@mockery2/gems/actionpack-2.3.14/lib/action_controller/params_parser.rb:15:in `call'
    /Users/mnelson/.rvm/gems/ree-1.8.7-2012.01@mockery2/gems/actionpack-2.3.14/lib/action_controller/session/cookie_store.rb:99:in `call'
    /Users/mnelson/.rvm/gems/ree-1.8.7-2012.01@mockery2/gems/actionpack-2.3.14/lib/action_controller/failsafe.rb:26:in `call'
    /Users/mnelson/.rvm/gems/ree-1.8.7-2012.01@mockery2/gems/rack-1.1.3/lib/rack/lock.rb:11:in `call'
    /Users/mnelson/.rvm/gems/ree-1.8.7-2012.01@mockery2/gems/rack-1.1.3/lib/rack/lock.rb:11:in `synchronize'
    /Users/mnelson/.rvm/gems/ree-1.8.7-2012.01@mockery2/gems/rack-1.1.3/lib/rack/lock.rb:11:in `call'
    /Users/mnelson/.rvm/gems/ree-1.8.7-2012.01@mockery2/gems/actionpack-2.3.14/lib/action_controller/dispatcher.rb:114:in `call'
    /Users/mnelson/.rvm/gems/ree-1.8.7-2012.01@mockery2/gems/actionpack-2.3.14/lib/action_controller/reloader.rb:34:in `run'
    /Users/mnelson/.rvm/gems/ree-1.8.7-2012.01@mockery2/gems/actionpack-2.3.14/lib/action_controller/dispatcher.rb:108:in `call'
    /Users/mnelson/.rvm/gems/ree-1.8.7-2012.01@mockery2/gems/thin-1.4.1/lib/rack/adapter/rails.rb:69:in `call'
    /Users/mnelson/.rvm/gems/ree-1.8.7-2012.01@mockery2/gems/thin-1.4.1/lib/thin/connection.rb:80:in `pre_process'
    /Users/mnelson/.rvm/gems/ree-1.8.7-2012.01@mockery2/gems/thin-1.4.1/lib/thin/connection.rb:78:in `catch'
    /Users/mnelson/.rvm/gems/ree-1.8.7-2012.01@mockery2/gems/thin-1.4.1/lib/thin/connection.rb:78:in `pre_process'
    /Users/mnelson/.rvm/gems/ree-1.8.7-2012.01@mockery2/gems/thin-1.4.1/lib/thin/connection.rb:53:in `process'
    /Users/mnelson/.rvm/gems/ree-1.8.7-2012.01@mockery2/gems/thin-1.4.1/lib/thin/connection.rb:38:in `receive_data'
    /Users/mnelson/.rvm/gems/ree-1.8.7-2012.01@mockery2/gems/eventmachine-0.12.10/lib/eventmachine.rb:256:in `run_machine'
    /Users/mnelson/.rvm/gems/ree-1.8.7-2012.01@mockery2/gems/eventmachine-0.12.10/lib/eventmachine.rb:256:in `run'
    /Users/mnelson/.rvm/gems/ree-1.8.7-2012.01@mockery2/gems/thin-1.4.1/lib/thin/backends/base.rb:63:in `start'
    /Users/mnelson/.rvm/gems/ree-1.8.7-2012.01@mockery2/gems/thin-1.4.1/lib/thin/server.rb:159:in `start'
    /Users/mnelson/.rvm/gems/ree-1.8.7-2012.01@mockery2/gems/thin-1.4.1/lib/thin/controllers/controller.rb:86:in `start'
    /Users/mnelson/.rvm/gems/ree-1.8.7-2012.01@mockery2/gems/thin-1.4.1/lib/thin/runner.rb:185:in `send'
    /Users/mnelson/.rvm/gems/ree-1.8.7-2012.01@mockery2/gems/thin-1.4.1/lib/thin/runner.rb:185:in `run_command'
    /Users/mnelson/.rvm/gems/ree-1.8.7-2012.01@mockery2/gems/thin-1.4.1/lib/thin/runner.rb:151:in `run!'
    /Users/mnelson/.rvm/gems/ree-1.8.7-2012.01@mockery2/gems/thin-1.4.1/bin/thin:6
    /Users/mnelson/.rvm/gems/ree-1.8.7-2012.01@mockery2/bin/thin:19:in `load'
    /Users/mnelson/.rvm/gems/ree-1.8.7-2012.01@mockery2/bin/thin:19
/!\ FAILSAFE /!\  Tue Jul 03 16:04:19 -0700 2012
  Status: 500 Internal Server Error
  undefined local variable or method `adapter_config' for #<Storehouse::Middleware:0x10a44d5d0>
    /Users/mnelson/projects/gems/storehouse/lib/storehouse/middleware.rb:30:in `cache_store'
    /Users/mnelson/projects/gems/storehouse/lib/storehouse/middleware.rb:15:in `call'
    /Users/mnelson/.rvm/gems/ree-1.8.7-2012.01@mockery2/gems/actionpack-2.3.14/lib/action_controller/string_coercion.rb:25:in `call'
    /Users/mnelson/.rvm/gems/ree-1.8.7-2012.01@mockery2/gems/rack-1.1.3/lib/rack/head.rb:9:in `call'
    /Users/mnelson/.rvm/gems/ree-1.8.7-2012.01@mockery2/gems/rack-1.1.3/lib/rack/methodoverride.rb:24:in `call'
    /Users/mnelson/.rvm/gems/ree-1.8.7-2012.01@mockery2/gems/actionpack-2.3.14/lib/action_controller/params_parser.rb:15:in `call'
    /Users/mnelson/.rvm/gems/ree-1.8.7-2012.01@mockery2/gems/actionpack-2.3.14/lib/action_controller/session/cookie_store.rb:99:in `call'
    /Users/mnelson/.rvm/gems/ree-1.8.7-2012.01@mockery2/gems/actionpack-2.3.14/lib/action_controller/failsafe.rb:26:in `call'
    /Users/mnelson/.rvm/gems/ree-1.8.7-2012.01@mockery2/gems/rack-1.1.3/lib/rack/lock.rb:11:in `call'
    /Users/mnelson/.rvm/gems/ree-1.8.7-2012.01@mockery2/gems/rack-1.1.3/lib/rack/lock.rb:11:in `synchronize'
    /Users/mnelson/.rvm/gems/ree-1.8.7-2012.01@mockery2/gems/rack-1.1.3/lib/rack/lock.rb:11:in `call'
    /Users/mnelson/.rvm/gems/ree-1.8.7-2012.01@mockery2/gems/actionpack-2.3.14/lib/action_controller/dispatcher.rb:114:in `call'
    /Users/mnelson/.rvm/gems/ree-1.8.7-2012.01@mockery2/gems/actionpack-2.3.14/lib/action_controller/reloader.rb:34:in `run'
    /Users/mnelson/.rvm/gems/ree-1.8.7-2012.01@mockery2/gems/actionpack-2.3.14/lib/action_controller/dispatcher.rb:108:in `call'
    /Users/mnelson/.rvm/gems/ree-1.8.7-2012.01@mockery2/gems/thin-1.4.1/lib/rack/adapter/rails.rb:69:in `call'
    /Users/mnelson/.rvm/gems/ree-1.8.7-2012.01@mockery2/gems/thin-1.4.1/lib/thin/connection.rb:80:in `pre_process'
    /Users/mnelson/.rvm/gems/ree-1.8.7-2012.01@mockery2/gems/thin-1.4.1/lib/thin/connection.rb:78:in `catch'
    /Users/mnelson/.rvm/gems/ree-1.8.7-2012.01@mockery2/gems/thin-1.4.1/lib/thin/connection.rb:78:in `pre_process'
    /Users/mnelson/.rvm/gems/ree-1.8.7-2012.01@mockery2/gems/thin-1.4.1/lib/thin/connection.rb:53:in `process'
    /Users/mnelson/.rvm/gems/ree-1.8.7-2012.01@mockery2/gems/thin-1.4.1/lib/thin/connection.rb:38:in `receive_data'
    /Users/mnelson/.rvm/gems/ree-1.8.7-2012.01@mockery2/gems/eventmachine-0.12.10/lib/eventmachine.rb:256:in `run_machine'
    /Users/mnelson/.rvm/gems/ree-1.8.7-2012.01@mockery2/gems/eventmachine-0.12.10/lib/eventmachine.rb:256:in `run'
    /Users/mnelson/.rvm/gems/ree-1.8.7-2012.01@mockery2/gems/thin-1.4.1/lib/thin/backends/base.rb:63:in `start'
    /Users/mnelson/.rvm/gems/ree-1.8.7-2012.01@mockery2/gems/thin-1.4.1/lib/thin/server.rb:159:in `start'
    /Users/mnelson/.rvm/gems/ree-1.8.7-2012.01@mockery2/gems/thin-1.4.1/lib/thin/controllers/controller.rb:86:in `start'
    /Users/mnelson/.rvm/gems/ree-1.8.7-2012.01@mockery2/gems/thin-1.4.1/lib/thin/runner.rb:185:in `send'
    /Users/mnelson/.rvm/gems/ree-1.8.7-2012.01@mockery2/gems/thin-1.4.1/lib/thin/runner.rb:185:in `run_command'
    /Users/mnelson/.rvm/gems/ree-1.8.7-2012.01@mockery2/gems/thin-1.4.1/lib/thin/runner.rb:151:in `run!'
    /Users/mnelson/.rvm/gems/ree-1.8.7-2012.01@mockery2/gems/thin-1.4.1/bin/thin:6
    /Users/mnelson/.rvm/gems/ree-1.8.7-2012.01@mockery2/bin/thin:19:in `load'
    /Users/mnelson/.rvm/gems/ree-1.8.7-2012.01@mockery2/bin/thin:19
/!\ FAILSAFE /!\  Tue Jul 03 16:04:39 -0700 2012
  Status: 500 Internal Server Error
  undefined local variable or method `adapter_config' for #<Storehouse::Middleware:0x10a43c4b0>
    /Users/mnelson/projects/gems/storehouse/lib/storehouse/middleware.rb:30:in `cache_store'
    /Users/mnelson/projects/gems/storehouse/lib/storehouse/middleware.rb:15:in `call'
    /Users/mnelson/.rvm/gems/ree-1.8.7-2012.01@mockery2/gems/actionpack-2.3.14/lib/action_controller/string_coercion.rb:25:in `call'
    /Users/mnelson/.rvm/gems/ree-1.8.7-2012.01@mockery2/gems/rack-1.1.3/lib/rack/head.rb:9:in `call'
    /Users/mnelson/.rvm/gems/ree-1.8.7-2012.01@mockery2/gems/rack-1.1.3/lib/rack/methodoverride.rb:24:in `call'
    /Users/mnelson/.rvm/gems/ree-1.8.7-2012.01@mockery2/gems/actionpack-2.3.14/lib/action_controller/params_parser.rb:15:in `call'
    /Users/mnelson/.rvm/gems/ree-1.8.7-2012.01@mockery2/gems/actionpack-2.3.14/lib/action_controller/session/cookie_store.rb:99:in `call'
    /Users/mnelson/.rvm/gems/ree-1.8.7-2012.01@mockery2/gems/actionpack-2.3.14/lib/action_controller/failsafe.rb:26:in `call'
    /Users/mnelson/.rvm/gems/ree-1.8.7-2012.01@mockery2/gems/rack-1.1.3/lib/rack/lock.rb:11:in `call'
    /Users/mnelson/.rvm/gems/ree-1.8.7-2012.01@mockery2/gems/rack-1.1.3/lib/rack/lock.rb:11:in `synchronize'
    /Users/mnelson/.rvm/gems/ree-1.8.7-2012.01@mockery2/gems/rack-1.1.3/lib/rack/lock.rb:11:in `call'
    /Users/mnelson/.rvm/gems/ree-1.8.7-2012.01@mockery2/gems/actionpack-2.3.14/lib/action_controller/dispatcher.rb:114:in `call'
    /Users/mnelson/.rvm/gems/ree-1.8.7-2012.01@mockery2/gems/actionpack-2.3.14/lib/action_controller/reloader.rb:34:in `run'
    /Users/mnelson/.rvm/gems/ree-1.8.7-2012.01@mockery2/gems/actionpack-2.3.14/lib/action_controller/dispatcher.rb:108:in `call'
    /Users/mnelson/.rvm/gems/ree-1.8.7-2012.01@mockery2/gems/thin-1.4.1/lib/rack/adapter/rails.rb:69:in `call'
    /Users/mnelson/.rvm/gems/ree-1.8.7-2012.01@mockery2/gems/thin-1.4.1/lib/thin/connection.rb:80:in `pre_process'
    /Users/mnelson/.rvm/gems/ree-1.8.7-2012.01@mockery2/gems/thin-1.4.1/lib/thin/connection.rb:78:in `catch'
    /Users/mnelson/.rvm/gems/ree-1.8.7-2012.01@mockery2/gems/thin-1.4.1/lib/thin/connection.rb:78:in `pre_process'
    /Users/mnelson/.rvm/gems/ree-1.8.7-2012.01@mockery2/gems/thin-1.4.1/lib/thin/connection.rb:53:in `process'
    /Users/mnelson/.rvm/gems/ree-1.8.7-2012.01@mockery2/gems/thin-1.4.1/lib/thin/connection.rb:38:in `receive_data'
    /Users/mnelson/.rvm/gems/ree-1.8.7-2012.01@mockery2/gems/eventmachine-0.12.10/lib/eventmachine.rb:256:in `run_machine'
    /Users/mnelson/.rvm/gems/ree-1.8.7-2012.01@mockery2/gems/eventmachine-0.12.10/lib/eventmachine.rb:256:in `run'
    /Users/mnelson/.rvm/gems/ree-1.8.7-2012.01@mockery2/gems/thin-1.4.1/lib/thin/backends/base.rb:63:in `start'
    /Users/mnelson/.rvm/gems/ree-1.8.7-2012.01@mockery2/gems/thin-1.4.1/lib/thin/server.rb:159:in `start'
    /Users/mnelson/.rvm/gems/ree-1.8.7-2012.01@mockery2/gems/thin-1.4.1/lib/thin/controllers/controller.rb:86:in `start'
    /Users/mnelson/.rvm/gems/ree-1.8.7-2012.01@mockery2/gems/thin-1.4.1/lib/thin/runner.rb:185:in `send'
    /Users/mnelson/.rvm/gems/ree-1.8.7-2012.01@mockery2/gems/thin-1.4.1/lib/thin/runner.rb:185:in `run_command'
    /Users/mnelson/.rvm/gems/ree-1.8.7-2012.01@mockery2/gems/thin-1.4.1/lib/thin/runner.rb:151:in `run!'
    /Users/mnelson/.rvm/gems/ree-1.8.7-2012.01@mockery2/gems/thin-1.4.1/bin/thin:6
    /Users/mnelson/.rvm/gems/ree-1.8.7-2012.01@mockery2/bin/thin:19:in `load'
    /Users/mnelson/.rvm/gems/ree-1.8.7-2012.01@mockery2/bin/thin:19
/!\ FAILSAFE /!\  Tue Jul 03 16:04:47 -0700 2012
  Status: 500 Internal Server Error
  undefined method `new' for nil:NilClass
    /Users/mnelson/.rvm/gems/ree-1.8.7-2012.01@mockery2/gems/activesupport-2.3.14/lib/active_support/whiny_nil.rb:52:in `method_missing'
    /Users/mnelson/projects/gems/storehouse/lib/storehouse/middleware.rb:30:in `cache_store'
    /Users/mnelson/projects/gems/storehouse/lib/storehouse/middleware.rb:15:in `call'
    /Users/mnelson/.rvm/gems/ree-1.8.7-2012.01@mockery2/gems/actionpack-2.3.14/lib/action_controller/string_coercion.rb:25:in `call'
    /Users/mnelson/.rvm/gems/ree-1.8.7-2012.01@mockery2/gems/rack-1.1.3/lib/rack/head.rb:9:in `call'
    /Users/mnelson/.rvm/gems/ree-1.8.7-2012.01@mockery2/gems/rack-1.1.3/lib/rack/methodoverride.rb:24:in `call'
    /Users/mnelson/.rvm/gems/ree-1.8.7-2012.01@mockery2/gems/actionpack-2.3.14/lib/action_controller/params_parser.rb:15:in `call'
    /Users/mnelson/.rvm/gems/ree-1.8.7-2012.01@mockery2/gems/actionpack-2.3.14/lib/action_controller/session/cookie_store.rb:99:in `call'
    /Users/mnelson/.rvm/gems/ree-1.8.7-2012.01@mockery2/gems/actionpack-2.3.14/lib/action_controller/failsafe.rb:26:in `call'
    /Users/mnelson/.rvm/gems/ree-1.8.7-2012.01@mockery2/gems/rack-1.1.3/lib/rack/lock.rb:11:in `call'
    /Users/mnelson/.rvm/gems/ree-1.8.7-2012.01@mockery2/gems/rack-1.1.3/lib/rack/lock.rb:11:in `synchronize'
    /Users/mnelson/.rvm/gems/ree-1.8.7-2012.01@mockery2/gems/rack-1.1.3/lib/rack/lock.rb:11:in `call'
    /Users/mnelson/.rvm/gems/ree-1.8.7-2012.01@mockery2/gems/actionpack-2.3.14/lib/action_controller/dispatcher.rb:114:in `call'
    /Users/mnelson/.rvm/gems/ree-1.8.7-2012.01@mockery2/gems/actionpack-2.3.14/lib/action_controller/reloader.rb:34:in `run'
    /Users/mnelson/.rvm/gems/ree-1.8.7-2012.01@mockery2/gems/actionpack-2.3.14/lib/action_controller/dispatcher.rb:108:in `call'
    /Users/mnelson/.rvm/gems/ree-1.8.7-2012.01@mockery2/gems/thin-1.4.1/lib/rack/adapter/rails.rb:69:in `call'
    /Users/mnelson/.rvm/gems/ree-1.8.7-2012.01@mockery2/gems/thin-1.4.1/lib/thin/connection.rb:80:in `pre_process'
    /Users/mnelson/.rvm/gems/ree-1.8.7-2012.01@mockery2/gems/thin-1.4.1/lib/thin/connection.rb:78:in `catch'
    /Users/mnelson/.rvm/gems/ree-1.8.7-2012.01@mockery2/gems/thin-1.4.1/lib/thin/connection.rb:78:in `pre_process'
    /Users/mnelson/.rvm/gems/ree-1.8.7-2012.01@mockery2/gems/thin-1.4.1/lib/thin/connection.rb:53:in `process'
    /Users/mnelson/.rvm/gems/ree-1.8.7-2012.01@mockery2/gems/thin-1.4.1/lib/thin/connection.rb:38:in `receive_data'
    /Users/mnelson/.rvm/gems/ree-1.8.7-2012.01@mockery2/gems/eventmachine-0.12.10/lib/eventmachine.rb:256:in `run_machine'
    /Users/mnelson/.rvm/gems/ree-1.8.7-2012.01@mockery2/gems/eventmachine-0.12.10/lib/eventmachine.rb:256:in `run'
    /Users/mnelson/.rvm/gems/ree-1.8.7-2012.01@mockery2/gems/thin-1.4.1/lib/thin/backends/base.rb:63:in `start'
    /Users/mnelson/.rvm/gems/ree-1.8.7-2012.01@mockery2/gems/thin-1.4.1/lib/thin/server.rb:159:in `start'
    /Users/mnelson/.rvm/gems/ree-1.8.7-2012.01@mockery2/gems/thin-1.4.1/lib/thin/controllers/controller.rb:86:in `start'
    /Users/mnelson/.rvm/gems/ree-1.8.7-2012.01@mockery2/gems/thin-1.4.1/lib/thin/runner.rb:185:in `send'
    /Users/mnelson/.rvm/gems/ree-1.8.7-2012.01@mockery2/gems/thin-1.4.1/lib/thin/runner.rb:185:in `run_command'
    /Users/mnelson/.rvm/gems/ree-1.8.7-2012.01@mockery2/gems/thin-1.4.1/lib/thin/runner.rb:151:in `run!'
    /Users/mnelson/.rvm/gems/ree-1.8.7-2012.01@mockery2/gems/thin-1.4.1/bin/thin:6
    /Users/mnelson/.rvm/gems/ree-1.8.7-2012.01@mockery2/bin/thin:19:in `load'
    /Users/mnelson/.rvm/gems/ree-1.8.7-2012.01@mockery2/bin/thin:19
/!\ FAILSAFE /!\  Tue Jul 03 16:04:48 -0700 2012
  Status: 500 Internal Server Error
  undefined method `new' for nil:NilClass
    /Users/mnelson/.rvm/gems/ree-1.8.7-2012.01@mockery2/gems/activesupport-2.3.14/lib/active_support/whiny_nil.rb:52:in `method_missing'
    /Users/mnelson/projects/gems/storehouse/lib/storehouse/middleware.rb:30:in `cache_store'
    /Users/mnelson/projects/gems/storehouse/lib/storehouse/middleware.rb:15:in `call'
    /Users/mnelson/.rvm/gems/ree-1.8.7-2012.01@mockery2/gems/actionpack-2.3.14/lib/action_controller/string_coercion.rb:25:in `call'
    /Users/mnelson/.rvm/gems/ree-1.8.7-2012.01@mockery2/gems/rack-1.1.3/lib/rack/head.rb:9:in `call'
    /Users/mnelson/.rvm/gems/ree-1.8.7-2012.01@mockery2/gems/rack-1.1.3/lib/rack/methodoverride.rb:24:in `call'
    /Users/mnelson/.rvm/gems/ree-1.8.7-2012.01@mockery2/gems/actionpack-2.3.14/lib/action_controller/params_parser.rb:15:in `call'
    /Users/mnelson/.rvm/gems/ree-1.8.7-2012.01@mockery2/gems/actionpack-2.3.14/lib/action_controller/session/cookie_store.rb:99:in `call'
    /Users/mnelson/.rvm/gems/ree-1.8.7-2012.01@mockery2/gems/actionpack-2.3.14/lib/action_controller/failsafe.rb:26:in `call'
    /Users/mnelson/.rvm/gems/ree-1.8.7-2012.01@mockery2/gems/rack-1.1.3/lib/rack/lock.rb:11:in `call'
    /Users/mnelson/.rvm/gems/ree-1.8.7-2012.01@mockery2/gems/rack-1.1.3/lib/rack/lock.rb:11:in `synchronize'
    /Users/mnelson/.rvm/gems/ree-1.8.7-2012.01@mockery2/gems/rack-1.1.3/lib/rack/lock.rb:11:in `call'
    /Users/mnelson/.rvm/gems/ree-1.8.7-2012.01@mockery2/gems/actionpack-2.3.14/lib/action_controller/dispatcher.rb:114:in `call'
    /Users/mnelson/.rvm/gems/ree-1.8.7-2012.01@mockery2/gems/actionpack-2.3.14/lib/action_controller/reloader.rb:34:in `run'
    /Users/mnelson/.rvm/gems/ree-1.8.7-2012.01@mockery2/gems/actionpack-2.3.14/lib/action_controller/dispatcher.rb:108:in `call'
    /Users/mnelson/.rvm/gems/ree-1.8.7-2012.01@mockery2/gems/thin-1.4.1/lib/rack/adapter/rails.rb:69:in `call'
    /Users/mnelson/.rvm/gems/ree-1.8.7-2012.01@mockery2/gems/thin-1.4.1/lib/thin/connection.rb:80:in `pre_process'
    /Users/mnelson/.rvm/gems/ree-1.8.7-2012.01@mockery2/gems/thin-1.4.1/lib/thin/connection.rb:78:in `catch'
    /Users/mnelson/.rvm/gems/ree-1.8.7-2012.01@mockery2/gems/thin-1.4.1/lib/thin/connection.rb:78:in `pre_process'
    /Users/mnelson/.rvm/gems/ree-1.8.7-2012.01@mockery2/gems/thin-1.4.1/lib/thin/connection.rb:53:in `process'
    /Users/mnelson/.rvm/gems/ree-1.8.7-2012.01@mockery2/gems/thin-1.4.1/lib/thin/connection.rb:38:in `receive_data'
    /Users/mnelson/.rvm/gems/ree-1.8.7-2012.01@mockery2/gems/eventmachine-0.12.10/lib/eventmachine.rb:256:in `run_machine'
    /Users/mnelson/.rvm/gems/ree-1.8.7-2012.01@mockery2/gems/eventmachine-0.12.10/lib/eventmachine.rb:256:in `run'
    /Users/mnelson/.rvm/gems/ree-1.8.7-2012.01@mockery2/gems/thin-1.4.1/lib/thin/backends/base.rb:63:in `start'
    /Users/mnelson/.rvm/gems/ree-1.8.7-2012.01@mockery2/gems/thin-1.4.1/lib/thin/server.rb:159:in `start'
    /Users/mnelson/.rvm/gems/ree-1.8.7-2012.01@mockery2/gems/thin-1.4.1/lib/thin/controllers/controller.rb:86:in `start'
    /Users/mnelson/.rvm/gems/ree-1.8.7-2012.01@mockery2/gems/thin-1.4.1/lib/thin/runner.rb:185:in `send'
    /Users/mnelson/.rvm/gems/ree-1.8.7-2012.01@mockery2/gems/thin-1.4.1/lib/thin/runner.rb:185:in `run_command'
    /Users/mnelson/.rvm/gems/ree-1.8.7-2012.01@mockery2/gems/thin-1.4.1/lib/thin/runner.rb:151:in `run!'
    /Users/mnelson/.rvm/gems/ree-1.8.7-2012.01@mockery2/gems/thin-1.4.1/bin/thin:6
    /Users/mnelson/.rvm/gems/ree-1.8.7-2012.01@mockery2/bin/thin:19:in `load'
    /Users/mnelson/.rvm/gems/ree-1.8.7-2012.01@mockery2/bin/thin:19
/!\ FAILSAFE /!\  Tue Jul 03 16:04:49 -0700 2012
  Status: 500 Internal Server Error
  undefined method `new' for nil:NilClass
    /Users/mnelson/.rvm/gems/ree-1.8.7-2012.01@mockery2/gems/activesupport-2.3.14/lib/active_support/whiny_nil.rb:52:in `method_missing'
    /Users/mnelson/projects/gems/storehouse/lib/storehouse/middleware.rb:30:in `cache_store'
    /Users/mnelson/projects/gems/storehouse/lib/storehouse/middleware.rb:15:in `call'
    /Users/mnelson/.rvm/gems/ree-1.8.7-2012.01@mockery2/gems/actionpack-2.3.14/lib/action_controller/string_coercion.rb:25:in `call'
    /Users/mnelson/.rvm/gems/ree-1.8.7-2012.01@mockery2/gems/rack-1.1.3/lib/rack/head.rb:9:in `call'
    /Users/mnelson/.rvm/gems/ree-1.8.7-2012.01@mockery2/gems/rack-1.1.3/lib/rack/methodoverride.rb:24:in `call'
    /Users/mnelson/.rvm/gems/ree-1.8.7-2012.01@mockery2/gems/actionpack-2.3.14/lib/action_controller/params_parser.rb:15:in `call'
    /Users/mnelson/.rvm/gems/ree-1.8.7-2012.01@mockery2/gems/actionpack-2.3.14/lib/action_controller/session/cookie_store.rb:99:in `call'
    /Users/mnelson/.rvm/gems/ree-1.8.7-2012.01@mockery2/gems/actionpack-2.3.14/lib/action_controller/failsafe.rb:26:in `call'
    /Users/mnelson/.rvm/gems/ree-1.8.7-2012.01@mockery2/gems/rack-1.1.3/lib/rack/lock.rb:11:in `call'
    /Users/mnelson/.rvm/gems/ree-1.8.7-2012.01@mockery2/gems/rack-1.1.3/lib/rack/lock.rb:11:in `synchronize'
    /Users/mnelson/.rvm/gems/ree-1.8.7-2012.01@mockery2/gems/rack-1.1.3/lib/rack/lock.rb:11:in `call'
    /Users/mnelson/.rvm/gems/ree-1.8.7-2012.01@mockery2/gems/actionpack-2.3.14/lib/action_controller/dispatcher.rb:114:in `call'
    /Users/mnelson/.rvm/gems/ree-1.8.7-2012.01@mockery2/gems/actionpack-2.3.14/lib/action_controller/reloader.rb:34:in `run'
    /Users/mnelson/.rvm/gems/ree-1.8.7-2012.01@mockery2/gems/actionpack-2.3.14/lib/action_controller/dispatcher.rb:108:in `call'
    /Users/mnelson/.rvm/gems/ree-1.8.7-2012.01@mockery2/gems/thin-1.4.1/lib/rack/adapter/rails.rb:69:in `call'
    /Users/mnelson/.rvm/gems/ree-1.8.7-2012.01@mockery2/gems/thin-1.4.1/lib/thin/connection.rb:80:in `pre_process'
    /Users/mnelson/.rvm/gems/ree-1.8.7-2012.01@mockery2/gems/thin-1.4.1/lib/thin/connection.rb:78:in `catch'
    /Users/mnelson/.rvm/gems/ree-1.8.7-2012.01@mockery2/gems/thin-1.4.1/lib/thin/connection.rb:78:in `pre_process'
    /Users/mnelson/.rvm/gems/ree-1.8.7-2012.01@mockery2/gems/thin-1.4.1/lib/thin/connection.rb:53:in `process'
    /Users/mnelson/.rvm/gems/ree-1.8.7-2012.01@mockery2/gems/thin-1.4.1/lib/thin/connection.rb:38:in `receive_data'
    /Users/mnelson/.rvm/gems/ree-1.8.7-2012.01@mockery2/gems/eventmachine-0.12.10/lib/eventmachine.rb:256:in `run_machine'
    /Users/mnelson/.rvm/gems/ree-1.8.7-2012.01@mockery2/gems/eventmachine-0.12.10/lib/eventmachine.rb:256:in `run'
    /Users/mnelson/.rvm/gems/ree-1.8.7-2012.01@mockery2/gems/thin-1.4.1/lib/thin/backends/base.rb:63:in `start'
    /Users/mnelson/.rvm/gems/ree-1.8.7-2012.01@mockery2/gems/thin-1.4.1/lib/thin/server.rb:159:in `start'
    /Users/mnelson/.rvm/gems/ree-1.8.7-2012.01@mockery2/gems/thin-1.4.1/lib/thin/controllers/controller.rb:86:in `start'
    /Users/mnelson/.rvm/gems/ree-1.8.7-2012.01@mockery2/gems/thin-1.4.1/lib/thin/runner.rb:185:in `send'
    /Users/mnelson/.rvm/gems/ree-1.8.7-2012.01@mockery2/gems/thin-1.4.1/lib/thin/runner.rb:185:in `run_command'
    /Users/mnelson/.rvm/gems/ree-1.8.7-2012.01@mockery2/gems/thin-1.4.1/lib/thin/runner.rb:151:in `run!'
    /Users/mnelson/.rvm/gems/ree-1.8.7-2012.01@mockery2/gems/thin-1.4.1/bin/thin:6
    /Users/mnelson/.rvm/gems/ree-1.8.7-2012.01@mockery2/bin/thin:19:in `load'
    /Users/mnelson/.rvm/gems/ree-1.8.7-2012.01@mockery2/bin/thin:19
/!\ FAILSAFE /!\  Tue Jul 03 16:04:49 -0700 2012
  Status: 500 Internal Server Error
  undefined method `new' for nil:NilClass
    /Users/mnelson/.rvm/gems/ree-1.8.7-2012.01@mockery2/gems/activesupport-2.3.14/lib/active_support/whiny_nil.rb:52:in `method_missing'
    /Users/mnelson/projects/gems/storehouse/lib/storehouse/middleware.rb:30:in `cache_store'
    /Users/mnelson/projects/gems/storehouse/lib/storehouse/middleware.rb:15:in `call'
    /Users/mnelson/.rvm/gems/ree-1.8.7-2012.01@mockery2/gems/actionpack-2.3.14/lib/action_controller/string_coercion.rb:25:in `call'
    /Users/mnelson/.rvm/gems/ree-1.8.7-2012.01@mockery2/gems/rack-1.1.3/lib/rack/head.rb:9:in `call'
    /Users/mnelson/.rvm/gems/ree-1.8.7-2012.01@mockery2/gems/rack-1.1.3/lib/rack/methodoverride.rb:24:in `call'
    /Users/mnelson/.rvm/gems/ree-1.8.7-2012.01@mockery2/gems/actionpack-2.3.14/lib/action_controller/params_parser.rb:15:in `call'
    /Users/mnelson/.rvm/gems/ree-1.8.7-2012.01@mockery2/gems/actionpack-2.3.14/lib/action_controller/session/cookie_store.rb:99:in `call'
    /Users/mnelson/.rvm/gems/ree-1.8.7-2012.01@mockery2/gems/actionpack-2.3.14/lib/action_controller/failsafe.rb:26:in `call'
    /Users/mnelson/.rvm/gems/ree-1.8.7-2012.01@mockery2/gems/rack-1.1.3/lib/rack/lock.rb:11:in `call'
    /Users/mnelson/.rvm/gems/ree-1.8.7-2012.01@mockery2/gems/rack-1.1.3/lib/rack/lock.rb:11:in `synchronize'
    /Users/mnelson/.rvm/gems/ree-1.8.7-2012.01@mockery2/gems/rack-1.1.3/lib/rack/lock.rb:11:in `call'
    /Users/mnelson/.rvm/gems/ree-1.8.7-2012.01@mockery2/gems/actionpack-2.3.14/lib/action_controller/dispatcher.rb:114:in `call'
    /Users/mnelson/.rvm/gems/ree-1.8.7-2012.01@mockery2/gems/actionpack-2.3.14/lib/action_controller/reloader.rb:34:in `run'
    /Users/mnelson/.rvm/gems/ree-1.8.7-2012.01@mockery2/gems/actionpack-2.3.14/lib/action_controller/dispatcher.rb:108:in `call'
    /Users/mnelson/.rvm/gems/ree-1.8.7-2012.01@mockery2/gems/thin-1.4.1/lib/rack/adapter/rails.rb:69:in `call'
    /Users/mnelson/.rvm/gems/ree-1.8.7-2012.01@mockery2/gems/thin-1.4.1/lib/thin/connection.rb:80:in `pre_process'
    /Users/mnelson/.rvm/gems/ree-1.8.7-2012.01@mockery2/gems/thin-1.4.1/lib/thin/connection.rb:78:in `catch'
    /Users/mnelson/.rvm/gems/ree-1.8.7-2012.01@mockery2/gems/thin-1.4.1/lib/thin/connection.rb:78:in `pre_process'
    /Users/mnelson/.rvm/gems/ree-1.8.7-2012.01@mockery2/gems/thin-1.4.1/lib/thin/connection.rb:53:in `process'
    /Users/mnelson/.rvm/gems/ree-1.8.7-2012.01@mockery2/gems/thin-1.4.1/lib/thin/connection.rb:38:in `receive_data'
    /Users/mnelson/.rvm/gems/ree-1.8.7-2012.01@mockery2/gems/eventmachine-0.12.10/lib/eventmachine.rb:256:in `run_machine'
    /Users/mnelson/.rvm/gems/ree-1.8.7-2012.01@mockery2/gems/eventmachine-0.12.10/lib/eventmachine.rb:256:in `run'
    /Users/mnelson/.rvm/gems/ree-1.8.7-2012.01@mockery2/gems/thin-1.4.1/lib/thin/backends/base.rb:63:in `start'
    /Users/mnelson/.rvm/gems/ree-1.8.7-2012.01@mockery2/gems/thin-1.4.1/lib/thin/server.rb:159:in `start'
    /Users/mnelson/.rvm/gems/ree-1.8.7-2012.01@mockery2/gems/thin-1.4.1/lib/thin/controllers/controller.rb:86:in `start'
    /Users/mnelson/.rvm/gems/ree-1.8.7-2012.01@mockery2/gems/thin-1.4.1/lib/thin/runner.rb:185:in `send'
    /Users/mnelson/.rvm/gems/ree-1.8.7-2012.01@mockery2/gems/thin-1.4.1/lib/thin/runner.rb:185:in `run_command'
    /Users/mnelson/.rvm/gems/ree-1.8.7-2012.01@mockery2/gems/thin-1.4.1/lib/thin/runner.rb:151:in `run!'
    /Users/mnelson/.rvm/gems/ree-1.8.7-2012.01@mockery2/gems/thin-1.4.1/bin/thin:6
    /Users/mnelson/.rvm/gems/ree-1.8.7-2012.01@mockery2/bin/thin:19:in `load'
    /Users/mnelson/.rvm/gems/ree-1.8.7-2012.01@mockery2/bin/thin:19
/!\ FAILSAFE /!\  Tue Jul 03 16:04:50 -0700 2012
  Status: 500 Internal Server Error
  undefined method `new' for nil:NilClass
    /Users/mnelson/.rvm/gems/ree-1.8.7-2012.01@mockery2/gems/activesupport-2.3.14/lib/active_support/whiny_nil.rb:52:in `method_missing'
    /Users/mnelson/projects/gems/storehouse/lib/storehouse/middleware.rb:30:in `cache_store'
    /Users/mnelson/projects/gems/storehouse/lib/storehouse/middleware.rb:15:in `call'
    /Users/mnelson/.rvm/gems/ree-1.8.7-2012.01@mockery2/gems/actionpack-2.3.14/lib/action_controller/string_coercion.rb:25:in `call'
    /Users/mnelson/.rvm/gems/ree-1.8.7-2012.01@mockery2/gems/rack-1.1.3/lib/rack/head.rb:9:in `call'
    /Users/mnelson/.rvm/gems/ree-1.8.7-2012.01@mockery2/gems/rack-1.1.3/lib/rack/methodoverride.rb:24:in `call'
    /Users/mnelson/.rvm/gems/ree-1.8.7-2012.01@mockery2/gems/actionpack-2.3.14/lib/action_controller/params_parser.rb:15:in `call'
    /Users/mnelson/.rvm/gems/ree-1.8.7-2012.01@mockery2/gems/actionpack-2.3.14/lib/action_controller/session/cookie_store.rb:99:in `call'
    /Users/mnelson/.rvm/gems/ree-1.8.7-2012.01@mockery2/gems/actionpack-2.3.14/lib/action_controller/failsafe.rb:26:in `call'
    /Users/mnelson/.rvm/gems/ree-1.8.7-2012.01@mockery2/gems/rack-1.1.3/lib/rack/lock.rb:11:in `call'
    /Users/mnelson/.rvm/gems/ree-1.8.7-2012.01@mockery2/gems/rack-1.1.3/lib/rack/lock.rb:11:in `synchronize'
    /Users/mnelson/.rvm/gems/ree-1.8.7-2012.01@mockery2/gems/rack-1.1.3/lib/rack/lock.rb:11:in `call'
    /Users/mnelson/.rvm/gems/ree-1.8.7-2012.01@mockery2/gems/actionpack-2.3.14/lib/action_controller/dispatcher.rb:114:in `call'
    /Users/mnelson/.rvm/gems/ree-1.8.7-2012.01@mockery2/gems/actionpack-2.3.14/lib/action_controller/reloader.rb:34:in `run'
    /Users/mnelson/.rvm/gems/ree-1.8.7-2012.01@mockery2/gems/actionpack-2.3.14/lib/action_controller/dispatcher.rb:108:in `call'
    /Users/mnelson/.rvm/gems/ree-1.8.7-2012.01@mockery2/gems/thin-1.4.1/lib/rack/adapter/rails.rb:69:in `call'
    /Users/mnelson/.rvm/gems/ree-1.8.7-2012.01@mockery2/gems/thin-1.4.1/lib/thin/connection.rb:80:in `pre_process'
    /Users/mnelson/.rvm/gems/ree-1.8.7-2012.01@mockery2/gems/thin-1.4.1/lib/thin/connection.rb:78:in `catch'
    /Users/mnelson/.rvm/gems/ree-1.8.7-2012.01@mockery2/gems/thin-1.4.1/lib/thin/connection.rb:78:in `pre_process'
    /Users/mnelson/.rvm/gems/ree-1.8.7-2012.01@mockery2/gems/thin-1.4.1/lib/thin/connection.rb:53:in `process'
    /Users/mnelson/.rvm/gems/ree-1.8.7-2012.01@mockery2/gems/thin-1.4.1/lib/thin/connection.rb:38:in `receive_data'
    /Users/mnelson/.rvm/gems/ree-1.8.7-2012.01@mockery2/gems/eventmachine-0.12.10/lib/eventmachine.rb:256:in `run_machine'
    /Users/mnelson/.rvm/gems/ree-1.8.7-2012.01@mockery2/gems/eventmachine-0.12.10/lib/eventmachine.rb:256:in `run'
    /Users/mnelson/.rvm/gems/ree-1.8.7-2012.01@mockery2/gems/thin-1.4.1/lib/thin/backends/base.rb:63:in `start'
    /Users/mnelson/.rvm/gems/ree-1.8.7-2012.01@mockery2/gems/thin-1.4.1/lib/thin/server.rb:159:in `start'
    /Users/mnelson/.rvm/gems/ree-1.8.7-2012.01@mockery2/gems/thin-1.4.1/lib/thin/controllers/controller.rb:86:in `start'
    /Users/mnelson/.rvm/gems/ree-1.8.7-2012.01@mockery2/gems/thin-1.4.1/lib/thin/runner.rb:185:in `send'
    /Users/mnelson/.rvm/gems/ree-1.8.7-2012.01@mockery2/gems/thin-1.4.1/lib/thin/runner.rb:185:in `run_command'
    /Users/mnelson/.rvm/gems/ree-1.8.7-2012.01@mockery2/gems/thin-1.4.1/lib/thin/runner.rb:151:in `run!'
    /Users/mnelson/.rvm/gems/ree-1.8.7-2012.01@mockery2/gems/thin-1.4.1/bin/thin:6
    /Users/mnelson/.rvm/gems/ree-1.8.7-2012.01@mockery2/bin/thin:19:in `load'
    /Users/mnelson/.rvm/gems/ree-1.8.7-2012.01@mockery2/bin/thin:19
/!\ FAILSAFE /!\  Tue Jul 03 16:08:43 -0700 2012
  Status: 500 Internal Server Error
  wrong constant name Storehouse::Adapter::Base
    /Users/mnelson/projects/gems/storehouse/lib/storehouse/middleware.rb:30:in `const_defined?'
    /Users/mnelson/projects/gems/storehouse/lib/storehouse/middleware.rb:30:in `cache_store'
    /Users/mnelson/projects/gems/storehouse/lib/storehouse/middleware.rb:15:in `call'
    /Users/mnelson/.rvm/gems/ree-1.8.7-2012.01@mockery2/gems/actionpack-2.3.14/lib/action_controller/string_coercion.rb:25:in `call'
    /Users/mnelson/.rvm/gems/ree-1.8.7-2012.01@mockery2/gems/rack-1.1.3/lib/rack/head.rb:9:in `call'
    /Users/mnelson/.rvm/gems/ree-1.8.7-2012.01@mockery2/gems/rack-1.1.3/lib/rack/methodoverride.rb:24:in `call'
    /Users/mnelson/.rvm/gems/ree-1.8.7-2012.01@mockery2/gems/actionpack-2.3.14/lib/action_controller/params_parser.rb:15:in `call'
    /Users/mnelson/.rvm/gems/ree-1.8.7-2012.01@mockery2/gems/actionpack-2.3.14/lib/action_controller/session/cookie_store.rb:99:in `call'
    /Users/mnelson/.rvm/gems/ree-1.8.7-2012.01@mockery2/gems/actionpack-2.3.14/lib/action_controller/failsafe.rb:26:in `call'
    /Users/mnelson/.rvm/gems/ree-1.8.7-2012.01@mockery2/gems/rack-1.1.3/lib/rack/lock.rb:11:in `call'
    /Users/mnelson/.rvm/gems/ree-1.8.7-2012.01@mockery2/gems/rack-1.1.3/lib/rack/lock.rb:11:in `synchronize'
    /Users/mnelson/.rvm/gems/ree-1.8.7-2012.01@mockery2/gems/rack-1.1.3/lib/rack/lock.rb:11:in `call'
    /Users/mnelson/.rvm/gems/ree-1.8.7-2012.01@mockery2/gems/actionpack-2.3.14/lib/action_controller/dispatcher.rb:114:in `call'
    /Users/mnelson/.rvm/gems/ree-1.8.7-2012.01@mockery2/gems/actionpack-2.3.14/lib/action_controller/reloader.rb:34:in `run'
    /Users/mnelson/.rvm/gems/ree-1.8.7-2012.01@mockery2/gems/actionpack-2.3.14/lib/action_controller/dispatcher.rb:108:in `call'
    /Users/mnelson/.rvm/gems/ree-1.8.7-2012.01@mockery2/gems/thin-1.4.1/lib/rack/adapter/rails.rb:69:in `call'
    /Users/mnelson/.rvm/gems/ree-1.8.7-2012.01@mockery2/gems/thin-1.4.1/lib/thin/connection.rb:80:in `pre_process'
    /Users/mnelson/.rvm/gems/ree-1.8.7-2012.01@mockery2/gems/thin-1.4.1/lib/thin/connection.rb:78:in `catch'
    /Users/mnelson/.rvm/gems/ree-1.8.7-2012.01@mockery2/gems/thin-1.4.1/lib/thin/connection.rb:78:in `pre_process'
    /Users/mnelson/.rvm/gems/ree-1.8.7-2012.01@mockery2/gems/thin-1.4.1/lib/thin/connection.rb:53:in `process'
    /Users/mnelson/.rvm/gems/ree-1.8.7-2012.01@mockery2/gems/thin-1.4.1/lib/thin/connection.rb:38:in `receive_data'
    /Users/mnelson/.rvm/gems/ree-1.8.7-2012.01@mockery2/gems/eventmachine-0.12.10/lib/eventmachine.rb:256:in `run_machine'
    /Users/mnelson/.rvm/gems/ree-1.8.7-2012.01@mockery2/gems/eventmachine-0.12.10/lib/eventmachine.rb:256:in `run'
    /Users/mnelson/.rvm/gems/ree-1.8.7-2012.01@mockery2/gems/thin-1.4.1/lib/thin/backends/base.rb:63:in `start'
    /Users/mnelson/.rvm/gems/ree-1.8.7-2012.01@mockery2/gems/thin-1.4.1/lib/thin/server.rb:159:in `start'
    /Users/mnelson/.rvm/gems/ree-1.8.7-2012.01@mockery2/gems/thin-1.4.1/lib/thin/controllers/controller.rb:86:in `start'
    /Users/mnelson/.rvm/gems/ree-1.8.7-2012.01@mockery2/gems/thin-1.4.1/lib/thin/runner.rb:185:in `send'
    /Users/mnelson/.rvm/gems/ree-1.8.7-2012.01@mockery2/gems/thin-1.4.1/lib/thin/runner.rb:185:in `run_command'
    /Users/mnelson/.rvm/gems/ree-1.8.7-2012.01@mockery2/gems/thin-1.4.1/lib/thin/runner.rb:151:in `run!'
    /Users/mnelson/.rvm/gems/ree-1.8.7-2012.01@mockery2/gems/thin-1.4.1/bin/thin:6
    /Users/mnelson/.rvm/gems/ree-1.8.7-2012.01@mockery2/bin/thin:19:in `load'
    /Users/mnelson/.rvm/gems/ree-1.8.7-2012.01@mockery2/bin/thin:19
/!\ FAILSAFE /!\  Tue Jul 03 16:08:44 -0700 2012
  Status: 500 Internal Server Error
  wrong constant name Storehouse::Adapter::Base
    /Users/mnelson/projects/gems/storehouse/lib/storehouse/middleware.rb:30:in `const_defined?'
    /Users/mnelson/projects/gems/storehouse/lib/storehouse/middleware.rb:30:in `cache_store'
    /Users/mnelson/projects/gems/storehouse/lib/storehouse/middleware.rb:15:in `call'
    /Users/mnelson/.rvm/gems/ree-1.8.7-2012.01@mockery2/gems/actionpack-2.3.14/lib/action_controller/string_coercion.rb:25:in `call'
    /Users/mnelson/.rvm/gems/ree-1.8.7-2012.01@mockery2/gems/rack-1.1.3/lib/rack/head.rb:9:in `call'
    /Users/mnelson/.rvm/gems/ree-1.8.7-2012.01@mockery2/gems/rack-1.1.3/lib/rack/methodoverride.rb:24:in `call'
    /Users/mnelson/.rvm/gems/ree-1.8.7-2012.01@mockery2/gems/actionpack-2.3.14/lib/action_controller/params_parser.rb:15:in `call'
    /Users/mnelson/.rvm/gems/ree-1.8.7-2012.01@mockery2/gems/actionpack-2.3.14/lib/action_controller/session/cookie_store.rb:99:in `call'
    /Users/mnelson/.rvm/gems/ree-1.8.7-2012.01@mockery2/gems/actionpack-2.3.14/lib/action_controller/failsafe.rb:26:in `call'
    /Users/mnelson/.rvm/gems/ree-1.8.7-2012.01@mockery2/gems/rack-1.1.3/lib/rack/lock.rb:11:in `call'
    /Users/mnelson/.rvm/gems/ree-1.8.7-2012.01@mockery2/gems/rack-1.1.3/lib/rack/lock.rb:11:in `synchronize'
    /Users/mnelson/.rvm/gems/ree-1.8.7-2012.01@mockery2/gems/rack-1.1.3/lib/rack/lock.rb:11:in `call'
    /Users/mnelson/.rvm/gems/ree-1.8.7-2012.01@mockery2/gems/actionpack-2.3.14/lib/action_controller/dispatcher.rb:114:in `call'
    /Users/mnelson/.rvm/gems/ree-1.8.7-2012.01@mockery2/gems/actionpack-2.3.14/lib/action_controller/reloader.rb:34:in `run'
    /Users/mnelson/.rvm/gems/ree-1.8.7-2012.01@mockery2/gems/actionpack-2.3.14/lib/action_controller/dispatcher.rb:108:in `call'
    /Users/mnelson/.rvm/gems/ree-1.8.7-2012.01@mockery2/gems/thin-1.4.1/lib/rack/adapter/rails.rb:69:in `call'
    /Users/mnelson/.rvm/gems/ree-1.8.7-2012.01@mockery2/gems/thin-1.4.1/lib/thin/connection.rb:80:in `pre_process'
    /Users/mnelson/.rvm/gems/ree-1.8.7-2012.01@mockery2/gems/thin-1.4.1/lib/thin/connection.rb:78:in `catch'
    /Users/mnelson/.rvm/gems/ree-1.8.7-2012.01@mockery2/gems/thin-1.4.1/lib/thin/connection.rb:78:in `pre_process'
    /Users/mnelson/.rvm/gems/ree-1.8.7-2012.01@mockery2/gems/thin-1.4.1/lib/thin/connection.rb:53:in `process'
    /Users/mnelson/.rvm/gems/ree-1.8.7-2012.01@mockery2/gems/thin-1.4.1/lib/thin/connection.rb:38:in `receive_data'
    /Users/mnelson/.rvm/gems/ree-1.8.7-2012.01@mockery2/gems/eventmachine-0.12.10/lib/eventmachine.rb:256:in `run_machine'
    /Users/mnelson/.rvm/gems/ree-1.8.7-2012.01@mockery2/gems/eventmachine-0.12.10/lib/eventmachine.rb:256:in `run'
    /Users/mnelson/.rvm/gems/ree-1.8.7-2012.01@mockery2/gems/thin-1.4.1/lib/thin/backends/base.rb:63:in `start'
    /Users/mnelson/.rvm/gems/ree-1.8.7-2012.01@mockery2/gems/thin-1.4.1/lib/thin/server.rb:159:in `start'
    /Users/mnelson/.rvm/gems/ree-1.8.7-2012.01@mockery2/gems/thin-1.4.1/lib/thin/controllers/controller.rb:86:in `start'
    /Users/mnelson/.rvm/gems/ree-1.8.7-2012.01@mockery2/gems/thin-1.4.1/lib/thin/runner.rb:185:in `send'
    /Users/mnelson/.rvm/gems/ree-1.8.7-2012.01@mockery2/gems/thin-1.4.1/lib/thin/runner.rb:185:in `run_command'
    /Users/mnelson/.rvm/gems/ree-1.8.7-2012.01@mockery2/gems/thin-1.4.1/lib/thin/runner.rb:151:in `run!'
    /Users/mnelson/.rvm/gems/ree-1.8.7-2012.01@mockery2/gems/thin-1.4.1/bin/thin:6
    /Users/mnelson/.rvm/gems/ree-1.8.7-2012.01@mockery2/bin/thin:19:in `load'
    /Users/mnelson/.rvm/gems/ree-1.8.7-2012.01@mockery2/bin/thin:19
/!\ FAILSAFE /!\  Tue Jul 03 16:10:35 -0700 2012
  Status: 500 Internal Server Error
  undefined method `teardown' for #<Storehouse::Adapter::Base:0x104409160 @options={}>
    /Users/mnelson/projects/gems/storehouse/lib/storehouse/middleware.rb:16:in `call'
    /Users/mnelson/.rvm/gems/ree-1.8.7-2012.01@mockery2/gems/actionpack-2.3.14/lib/action_controller/string_coercion.rb:25:in `call'
    /Users/mnelson/.rvm/gems/ree-1.8.7-2012.01@mockery2/gems/rack-1.1.3/lib/rack/head.rb:9:in `call'
    /Users/mnelson/.rvm/gems/ree-1.8.7-2012.01@mockery2/gems/rack-1.1.3/lib/rack/methodoverride.rb:24:in `call'
    /Users/mnelson/.rvm/gems/ree-1.8.7-2012.01@mockery2/gems/actionpack-2.3.14/lib/action_controller/params_parser.rb:15:in `call'
    /Users/mnelson/.rvm/gems/ree-1.8.7-2012.01@mockery2/gems/actionpack-2.3.14/lib/action_controller/session/cookie_store.rb:99:in `call'
    /Users/mnelson/.rvm/gems/ree-1.8.7-2012.01@mockery2/gems/actionpack-2.3.14/lib/action_controller/failsafe.rb:26:in `call'
    /Users/mnelson/.rvm/gems/ree-1.8.7-2012.01@mockery2/gems/rack-1.1.3/lib/rack/lock.rb:11:in `call'
    /Users/mnelson/.rvm/gems/ree-1.8.7-2012.01@mockery2/gems/rack-1.1.3/lib/rack/lock.rb:11:in `synchronize'
    /Users/mnelson/.rvm/gems/ree-1.8.7-2012.01@mockery2/gems/rack-1.1.3/lib/rack/lock.rb:11:in `call'
    /Users/mnelson/.rvm/gems/ree-1.8.7-2012.01@mockery2/gems/actionpack-2.3.14/lib/action_controller/dispatcher.rb:114:in `call'
    /Users/mnelson/.rvm/gems/ree-1.8.7-2012.01@mockery2/gems/actionpack-2.3.14/lib/action_controller/reloader.rb:34:in `run'
    /Users/mnelson/.rvm/gems/ree-1.8.7-2012.01@mockery2/gems/actionpack-2.3.14/lib/action_controller/dispatcher.rb:108:in `call'
    /Users/mnelson/.rvm/gems/ree-1.8.7-2012.01@mockery2/gems/thin-1.4.1/lib/rack/adapter/rails.rb:69:in `call'
    /Users/mnelson/.rvm/gems/ree-1.8.7-2012.01@mockery2/gems/thin-1.4.1/lib/thin/connection.rb:80:in `pre_process'
    /Users/mnelson/.rvm/gems/ree-1.8.7-2012.01@mockery2/gems/thin-1.4.1/lib/thin/connection.rb:78:in `catch'
    /Users/mnelson/.rvm/gems/ree-1.8.7-2012.01@mockery2/gems/thin-1.4.1/lib/thin/connection.rb:78:in `pre_process'
    /Users/mnelson/.rvm/gems/ree-1.8.7-2012.01@mockery2/gems/thin-1.4.1/lib/thin/connection.rb:53:in `process'
    /Users/mnelson/.rvm/gems/ree-1.8.7-2012.01@mockery2/gems/thin-1.4.1/lib/thin/connection.rb:38:in `receive_data'
    /Users/mnelson/.rvm/gems/ree-1.8.7-2012.01@mockery2/gems/eventmachine-0.12.10/lib/eventmachine.rb:256:in `run_machine'
    /Users/mnelson/.rvm/gems/ree-1.8.7-2012.01@mockery2/gems/eventmachine-0.12.10/lib/eventmachine.rb:256:in `run'
    /Users/mnelson/.rvm/gems/ree-1.8.7-2012.01@mockery2/gems/thin-1.4.1/lib/thin/backends/base.rb:63:in `start'
    /Users/mnelson/.rvm/gems/ree-1.8.7-2012.01@mockery2/gems/thin-1.4.1/lib/thin/server.rb:159:in `start'
    /Users/mnelson/.rvm/gems/ree-1.8.7-2012.01@mockery2/gems/thin-1.4.1/lib/thin/controllers/controller.rb:86:in `start'
    /Users/mnelson/.rvm/gems/ree-1.8.7-2012.01@mockery2/gems/thin-1.4.1/lib/thin/runner.rb:185:in `send'
    /Users/mnelson/.rvm/gems/ree-1.8.7-2012.01@mockery2/gems/thin-1.4.1/lib/thin/runner.rb:185:in `run_command'
    /Users/mnelson/.rvm/gems/ree-1.8.7-2012.01@mockery2/gems/thin-1.4.1/lib/thin/runner.rb:151:in `run!'
    /Users/mnelson/.rvm/gems/ree-1.8.7-2012.01@mockery2/gems/thin-1.4.1/bin/thin:6
    /Users/mnelson/.rvm/gems/ree-1.8.7-2012.01@mockery2/bin/thin:19:in `load'
    /Users/mnelson/.rvm/gems/ree-1.8.7-2012.01@mockery2/bin/thin:19
/!\ FAILSAFE /!\  Tue Jul 03 16:10:36 -0700 2012
  Status: 500 Internal Server Error
  undefined method `teardown' for #<Storehouse::Adapter::Base:0x1043fc6e0 @options={}>
    /Users/mnelson/projects/gems/storehouse/lib/storehouse/middleware.rb:16:in `call'
    /Users/mnelson/.rvm/gems/ree-1.8.7-2012.01@mockery2/gems/actionpack-2.3.14/lib/action_controller/string_coercion.rb:25:in `call'
    /Users/mnelson/.rvm/gems/ree-1.8.7-2012.01@mockery2/gems/rack-1.1.3/lib/rack/head.rb:9:in `call'
    /Users/mnelson/.rvm/gems/ree-1.8.7-2012.01@mockery2/gems/rack-1.1.3/lib/rack/methodoverride.rb:24:in `call'
    /Users/mnelson/.rvm/gems/ree-1.8.7-2012.01@mockery2/gems/actionpack-2.3.14/lib/action_controller/params_parser.rb:15:in `call'
    /Users/mnelson/.rvm/gems/ree-1.8.7-2012.01@mockery2/gems/actionpack-2.3.14/lib/action_controller/session/cookie_store.rb:99:in `call'
    /Users/mnelson/.rvm/gems/ree-1.8.7-2012.01@mockery2/gems/actionpack-2.3.14/lib/action_controller/failsafe.rb:26:in `call'
    /Users/mnelson/.rvm/gems/ree-1.8.7-2012.01@mockery2/gems/rack-1.1.3/lib/rack/lock.rb:11:in `call'
    /Users/mnelson/.rvm/gems/ree-1.8.7-2012.01@mockery2/gems/rack-1.1.3/lib/rack/lock.rb:11:in `synchronize'
    /Users/mnelson/.rvm/gems/ree-1.8.7-2012.01@mockery2/gems/rack-1.1.3/lib/rack/lock.rb:11:in `call'
    /Users/mnelson/.rvm/gems/ree-1.8.7-2012.01@mockery2/gems/actionpack-2.3.14/lib/action_controller/dispatcher.rb:114:in `call'
    /Users/mnelson/.rvm/gems/ree-1.8.7-2012.01@mockery2/gems/actionpack-2.3.14/lib/action_controller/reloader.rb:34:in `run'
    /Users/mnelson/.rvm/gems/ree-1.8.7-2012.01@mockery2/gems/actionpack-2.3.14/lib/action_controller/dispatcher.rb:108:in `call'
    /Users/mnelson/.rvm/gems/ree-1.8.7-2012.01@mockery2/gems/thin-1.4.1/lib/rack/adapter/rails.rb:69:in `call'
    /Users/mnelson/.rvm/gems/ree-1.8.7-2012.01@mockery2/gems/thin-1.4.1/lib/thin/connection.rb:80:in `pre_process'
    /Users/mnelson/.rvm/gems/ree-1.8.7-2012.01@mockery2/gems/thin-1.4.1/lib/thin/connection.rb:78:in `catch'
    /Users/mnelson/.rvm/gems/ree-1.8.7-2012.01@mockery2/gems/thin-1.4.1/lib/thin/connection.rb:78:in `pre_process'
    /Users/mnelson/.rvm/gems/ree-1.8.7-2012.01@mockery2/gems/thin-1.4.1/lib/thin/connection.rb:53:in `process'
    /Users/mnelson/.rvm/gems/ree-1.8.7-2012.01@mockery2/gems/thin-1.4.1/lib/thin/connection.rb:38:in `receive_data'
    /Users/mnelson/.rvm/gems/ree-1.8.7-2012.01@mockery2/gems/eventmachine-0.12.10/lib/eventmachine.rb:256:in `run_machine'
    /Users/mnelson/.rvm/gems/ree-1.8.7-2012.01@mockery2/gems/eventmachine-0.12.10/lib/eventmachine.rb:256:in `run'
    /Users/mnelson/.rvm/gems/ree-1.8.7-2012.01@mockery2/gems/thin-1.4.1/lib/thin/backends/base.rb:63:in `start'
    /Users/mnelson/.rvm/gems/ree-1.8.7-2012.01@mockery2/gems/thin-1.4.1/lib/thin/server.rb:159:in `start'
    /Users/mnelson/.rvm/gems/ree-1.8.7-2012.01@mockery2/gems/thin-1.4.1/lib/thin/controllers/controller.rb:86:in `start'
    /Users/mnelson/.rvm/gems/ree-1.8.7-2012.01@mockery2/gems/thin-1.4.1/lib/thin/runner.rb:185:in `send'
    /Users/mnelson/.rvm/gems/ree-1.8.7-2012.01@mockery2/gems/thin-1.4.1/lib/thin/runner.rb:185:in `run_command'
    /Users/mnelson/.rvm/gems/ree-1.8.7-2012.01@mockery2/gems/thin-1.4.1/lib/thin/runner.rb:151:in `run!'
    /Users/mnelson/.rvm/gems/ree-1.8.7-2012.01@mockery2/gems/thin-1.4.1/bin/thin:6
    /Users/mnelson/.rvm/gems/ree-1.8.7-2012.01@mockery2/bin/thin:19:in `load'
    /Users/mnelson/.rvm/gems/ree-1.8.7-2012.01@mockery2/bin/thin:19
/!\ FAILSAFE /!\  Tue Jul 03 16:10:36 -0700 2012
  Status: 500 Internal Server Error
  undefined method `teardown' for #<Storehouse::Adapter::Base:0x1043ecfd8 @options={}>
    /Users/mnelson/projects/gems/storehouse/lib/storehouse/middleware.rb:16:in `call'
    /Users/mnelson/.rvm/gems/ree-1.8.7-2012.01@mockery2/gems/actionpack-2.3.14/lib/action_controller/string_coercion.rb:25:in `call'
    /Users/mnelson/.rvm/gems/ree-1.8.7-2012.01@mockery2/gems/rack-1.1.3/lib/rack/head.rb:9:in `call'
    /Users/mnelson/.rvm/gems/ree-1.8.7-2012.01@mockery2/gems/rack-1.1.3/lib/rack/methodoverride.rb:24:in `call'
    /Users/mnelson/.rvm/gems/ree-1.8.7-2012.01@mockery2/gems/actionpack-2.3.14/lib/action_controller/params_parser.rb:15:in `call'
    /Users/mnelson/.rvm/gems/ree-1.8.7-2012.01@mockery2/gems/actionpack-2.3.14/lib/action_controller/session/cookie_store.rb:99:in `call'
    /Users/mnelson/.rvm/gems/ree-1.8.7-2012.01@mockery2/gems/actionpack-2.3.14/lib/action_controller/failsafe.rb:26:in `call'
    /Users/mnelson/.rvm/gems/ree-1.8.7-2012.01@mockery2/gems/rack-1.1.3/lib/rack/lock.rb:11:in `call'
    /Users/mnelson/.rvm/gems/ree-1.8.7-2012.01@mockery2/gems/rack-1.1.3/lib/rack/lock.rb:11:in `synchronize'
    /Users/mnelson/.rvm/gems/ree-1.8.7-2012.01@mockery2/gems/rack-1.1.3/lib/rack/lock.rb:11:in `call'
    /Users/mnelson/.rvm/gems/ree-1.8.7-2012.01@mockery2/gems/actionpack-2.3.14/lib/action_controller/dispatcher.rb:114:in `call'
    /Users/mnelson/.rvm/gems/ree-1.8.7-2012.01@mockery2/gems/actionpack-2.3.14/lib/action_controller/reloader.rb:34:in `run'
    /Users/mnelson/.rvm/gems/ree-1.8.7-2012.01@mockery2/gems/actionpack-2.3.14/lib/action_controller/dispatcher.rb:108:in `call'
    /Users/mnelson/.rvm/gems/ree-1.8.7-2012.01@mockery2/gems/thin-1.4.1/lib/rack/adapter/rails.rb:69:in `call'
    /Users/mnelson/.rvm/gems/ree-1.8.7-2012.01@mockery2/gems/thin-1.4.1/lib/thin/connection.rb:80:in `pre_process'
    /Users/mnelson/.rvm/gems/ree-1.8.7-2012.01@mockery2/gems/thin-1.4.1/lib/thin/connection.rb:78:in `catch'
    /Users/mnelson/.rvm/gems/ree-1.8.7-2012.01@mockery2/gems/thin-1.4.1/lib/thin/connection.rb:78:in `pre_process'
    /Users/mnelson/.rvm/gems/ree-1.8.7-2012.01@mockery2/gems/thin-1.4.1/lib/thin/connection.rb:53:in `process'
    /Users/mnelson/.rvm/gems/ree-1.8.7-2012.01@mockery2/gems/thin-1.4.1/lib/thin/connection.rb:38:in `receive_data'
    /Users/mnelson/.rvm/gems/ree-1.8.7-2012.01@mockery2/gems/eventmachine-0.12.10/lib/eventmachine.rb:256:in `run_machine'
    /Users/mnelson/.rvm/gems/ree-1.8.7-2012.01@mockery2/gems/eventmachine-0.12.10/lib/eventmachine.rb:256:in `run'
    /Users/mnelson/.rvm/gems/ree-1.8.7-2012.01@mockery2/gems/thin-1.4.1/lib/thin/backends/base.rb:63:in `start'
    /Users/mnelson/.rvm/gems/ree-1.8.7-2012.01@mockery2/gems/thin-1.4.1/lib/thin/server.rb:159:in `start'
    /Users/mnelson/.rvm/gems/ree-1.8.7-2012.01@mockery2/gems/thin-1.4.1/lib/thin/controllers/controller.rb:86:in `start'
    /Users/mnelson/.rvm/gems/ree-1.8.7-2012.01@mockery2/gems/thin-1.4.1/lib/thin/runner.rb:185:in `send'
    /Users/mnelson/.rvm/gems/ree-1.8.7-2012.01@mockery2/gems/thin-1.4.1/lib/thin/runner.rb:185:in `run_command'
    /Users/mnelson/.rvm/gems/ree-1.8.7-2012.01@mockery2/gems/thin-1.4.1/lib/thin/runner.rb:151:in `run!'
    /Users/mnelson/.rvm/gems/ree-1.8.7-2012.01@mockery2/gems/thin-1.4.1/bin/thin:6
    /Users/mnelson/.rvm/gems/ree-1.8.7-2012.01@mockery2/bin/thin:19:in `load'
    /Users/mnelson/.rvm/gems/ree-1.8.7-2012.01@mockery2/bin/thin:19


Processing UsersController#index (for 127.0.0.1 at 2012-07-03 16:10:57) [GET]
  [4;36;1mUser Load (0.6ms)[0m   [0;1mSELECT * FROM "users" [0m
Rendering users/index
Completed in 7ms (View: 4, DB: 1) | 200 OK [http://localhost/]


Processing UsersController#index (for 127.0.0.1 at 2012-07-03 16:14:28) [GET]
  [4;36;1mUser Load (0.4ms)[0m   [0;1mSELECT * FROM "users" [0m
Rendering users/index
Completed in 9ms (View: 6, DB: 0) | 200 OK [http://localhost/]


Processing UsersController#index (for 127.0.0.1 at 2012-07-03 16:14:29) [GET]
  [4;35;1mUser Load (0.4ms)[0m   [0mSELECT * FROM "users" [0m
Rendering users/index
Completed in 4ms (View: 1, DB: 0) | 200 OK [http://localhost/]


Processing UsersController#index (for 127.0.0.1 at 2012-07-03 16:14:31) [GET]
  [4;36;1mUser Load (0.4ms)[0m   [0;1mSELECT * FROM "users" [0m
Rendering users/index
Completed in 6ms (View: 2, DB: 0) | 200 OK [http://localhost/users]


Processing UsersController#show (for 127.0.0.1 at 2012-07-03 16:14:34) [GET]
  Parameters: {"id"=>"1"}
  [4;35;1mUser Load (0.2ms)[0m   [0mSELECT * FROM "users" WHERE ("users"."id" = 1) [0m
Rendering users/show
Completed in 9ms (View: 5, DB: 0) | 200 OK [http://localhost/users/1]


Processing UsersController#account (for 127.0.0.1 at 2012-07-03 16:14:37) [GET]
  Parameters: {"id"=>"1"}
  [4;36;1mUser Load (0.2ms)[0m   [0;1mSELECT * FROM "users" WHERE ("users"."id" = 1) [0m
Rendering users/account
Completed in 10ms (View: 6, DB: 0) | 200 OK [http://localhost/users/1/account]
/!\ FAILSAFE /!\  Tue Jul 03 16:15:29 -0700 2012
  Status: 500 Internal Server Error
  uninitialized constant Storehouse::Adapter::Dalli::Client
    /Users/mnelson/.rvm/gems/ree-1.8.7-2012.01@mockery2/gems/activesupport-2.3.14/lib/active_support/dependencies.rb:131:in `const_missing'
    /Users/mnelson/projects/gems/storehouse/lib/storehouse/adapter/dalli.rb:15:in `connect!'
    /Users/mnelson/projects/gems/storehouse/lib/storehouse/adapter/dalli.rb:10:in `initialize'
    /Users/mnelson/projects/gems/storehouse/lib/storehouse/middleware.rb:33:in `new'
    /Users/mnelson/projects/gems/storehouse/lib/storehouse/middleware.rb:33:in `cache_store'
    /Users/mnelson/projects/gems/storehouse/lib/storehouse/middleware.rb:15:in `call'
    /Users/mnelson/.rvm/gems/ree-1.8.7-2012.01@mockery2/gems/actionpack-2.3.14/lib/action_controller/string_coercion.rb:25:in `call'
    /Users/mnelson/.rvm/gems/ree-1.8.7-2012.01@mockery2/gems/rack-1.1.3/lib/rack/head.rb:9:in `call'
    /Users/mnelson/.rvm/gems/ree-1.8.7-2012.01@mockery2/gems/rack-1.1.3/lib/rack/methodoverride.rb:24:in `call'
    /Users/mnelson/.rvm/gems/ree-1.8.7-2012.01@mockery2/gems/actionpack-2.3.14/lib/action_controller/params_parser.rb:15:in `call'
    /Users/mnelson/.rvm/gems/ree-1.8.7-2012.01@mockery2/gems/actionpack-2.3.14/lib/action_controller/session/cookie_store.rb:99:in `call'
    /Users/mnelson/.rvm/gems/ree-1.8.7-2012.01@mockery2/gems/actionpack-2.3.14/lib/action_controller/failsafe.rb:26:in `call'
    /Users/mnelson/.rvm/gems/ree-1.8.7-2012.01@mockery2/gems/rack-1.1.3/lib/rack/lock.rb:11:in `call'
    /Users/mnelson/.rvm/gems/ree-1.8.7-2012.01@mockery2/gems/rack-1.1.3/lib/rack/lock.rb:11:in `synchronize'
    /Users/mnelson/.rvm/gems/ree-1.8.7-2012.01@mockery2/gems/rack-1.1.3/lib/rack/lock.rb:11:in `call'
    /Users/mnelson/.rvm/gems/ree-1.8.7-2012.01@mockery2/gems/actionpack-2.3.14/lib/action_controller/dispatcher.rb:114:in `call'
    /Users/mnelson/.rvm/gems/ree-1.8.7-2012.01@mockery2/gems/actionpack-2.3.14/lib/action_controller/reloader.rb:34:in `run'
    /Users/mnelson/.rvm/gems/ree-1.8.7-2012.01@mockery2/gems/actionpack-2.3.14/lib/action_controller/dispatcher.rb:108:in `call'
    /Users/mnelson/.rvm/gems/ree-1.8.7-2012.01@mockery2/gems/thin-1.4.1/lib/rack/adapter/rails.rb:69:in `call'
    /Users/mnelson/.rvm/gems/ree-1.8.7-2012.01@mockery2/gems/thin-1.4.1/lib/thin/connection.rb:80:in `pre_process'
    /Users/mnelson/.rvm/gems/ree-1.8.7-2012.01@mockery2/gems/thin-1.4.1/lib/thin/connection.rb:78:in `catch'
    /Users/mnelson/.rvm/gems/ree-1.8.7-2012.01@mockery2/gems/thin-1.4.1/lib/thin/connection.rb:78:in `pre_process'
    /Users/mnelson/.rvm/gems/ree-1.8.7-2012.01@mockery2/gems/thin-1.4.1/lib/thin/connection.rb:53:in `process'
    /Users/mnelson/.rvm/gems/ree-1.8.7-2012.01@mockery2/gems/thin-1.4.1/lib/thin/connection.rb:38:in `receive_data'
    /Users/mnelson/.rvm/gems/ree-1.8.7-2012.01@mockery2/gems/eventmachine-0.12.10/lib/eventmachine.rb:256:in `run_machine'
    /Users/mnelson/.rvm/gems/ree-1.8.7-2012.01@mockery2/gems/eventmachine-0.12.10/lib/eventmachine.rb:256:in `run'
    /Users/mnelson/.rvm/gems/ree-1.8.7-2012.01@mockery2/gems/thin-1.4.1/lib/thin/backends/base.rb:63:in `start'
    /Users/mnelson/.rvm/gems/ree-1.8.7-2012.01@mockery2/gems/thin-1.4.1/lib/thin/server.rb:159:in `start'
    /Users/mnelson/.rvm/gems/ree-1.8.7-2012.01@mockery2/gems/thin-1.4.1/lib/thin/controllers/controller.rb:86:in `start'
    /Users/mnelson/.rvm/gems/ree-1.8.7-2012.01@mockery2/gems/thin-1.4.1/lib/thin/runner.rb:185:in `send'
    /Users/mnelson/.rvm/gems/ree-1.8.7-2012.01@mockery2/gems/thin-1.4.1/lib/thin/runner.rb:185:in `run_command'
    /Users/mnelson/.rvm/gems/ree-1.8.7-2012.01@mockery2/gems/thin-1.4.1/lib/thin/runner.rb:151:in `run!'
    /Users/mnelson/.rvm/gems/ree-1.8.7-2012.01@mockery2/gems/thin-1.4.1/bin/thin:6
    /Users/mnelson/.rvm/gems/ree-1.8.7-2012.01@mockery2/bin/thin:19:in `load'
    /Users/mnelson/.rvm/gems/ree-1.8.7-2012.01@mockery2/bin/thin:19
/!\ FAILSAFE /!\  Tue Jul 03 16:15:29 -0700 2012
  Status: 500 Internal Server Error
  uninitialized constant Storehouse::Adapter::Dalli::Client
    /Users/mnelson/.rvm/gems/ree-1.8.7-2012.01@mockery2/gems/activesupport-2.3.14/lib/active_support/dependencies.rb:131:in `const_missing'
    /Users/mnelson/projects/gems/storehouse/lib/storehouse/adapter/dalli.rb:15:in `connect!'
    /Users/mnelson/projects/gems/storehouse/lib/storehouse/adapter/dalli.rb:10:in `initialize'
    /Users/mnelson/projects/gems/storehouse/lib/storehouse/middleware.rb:33:in `new'
    /Users/mnelson/projects/gems/storehouse/lib/storehouse/middleware.rb:33:in `cache_store'
    /Users/mnelson/projects/gems/storehouse/lib/storehouse/middleware.rb:15:in `call'
    /Users/mnelson/.rvm/gems/ree-1.8.7-2012.01@mockery2/gems/actionpack-2.3.14/lib/action_controller/string_coercion.rb:25:in `call'
    /Users/mnelson/.rvm/gems/ree-1.8.7-2012.01@mockery2/gems/rack-1.1.3/lib/rack/head.rb:9:in `call'
    /Users/mnelson/.rvm/gems/ree-1.8.7-2012.01@mockery2/gems/rack-1.1.3/lib/rack/methodoverride.rb:24:in `call'
    /Users/mnelson/.rvm/gems/ree-1.8.7-2012.01@mockery2/gems/actionpack-2.3.14/lib/action_controller/params_parser.rb:15:in `call'
    /Users/mnelson/.rvm/gems/ree-1.8.7-2012.01@mockery2/gems/actionpack-2.3.14/lib/action_controller/session/cookie_store.rb:99:in `call'
    /Users/mnelson/.rvm/gems/ree-1.8.7-2012.01@mockery2/gems/actionpack-2.3.14/lib/action_controller/failsafe.rb:26:in `call'
    /Users/mnelson/.rvm/gems/ree-1.8.7-2012.01@mockery2/gems/rack-1.1.3/lib/rack/lock.rb:11:in `call'
    /Users/mnelson/.rvm/gems/ree-1.8.7-2012.01@mockery2/gems/rack-1.1.3/lib/rack/lock.rb:11:in `synchronize'
    /Users/mnelson/.rvm/gems/ree-1.8.7-2012.01@mockery2/gems/rack-1.1.3/lib/rack/lock.rb:11:in `call'
    /Users/mnelson/.rvm/gems/ree-1.8.7-2012.01@mockery2/gems/actionpack-2.3.14/lib/action_controller/dispatcher.rb:114:in `call'
    /Users/mnelson/.rvm/gems/ree-1.8.7-2012.01@mockery2/gems/actionpack-2.3.14/lib/action_controller/reloader.rb:34:in `run'
    /Users/mnelson/.rvm/gems/ree-1.8.7-2012.01@mockery2/gems/actionpack-2.3.14/lib/action_controller/dispatcher.rb:108:in `call'
    /Users/mnelson/.rvm/gems/ree-1.8.7-2012.01@mockery2/gems/thin-1.4.1/lib/rack/adapter/rails.rb:69:in `call'
    /Users/mnelson/.rvm/gems/ree-1.8.7-2012.01@mockery2/gems/thin-1.4.1/lib/thin/connection.rb:80:in `pre_process'
    /Users/mnelson/.rvm/gems/ree-1.8.7-2012.01@mockery2/gems/thin-1.4.1/lib/thin/connection.rb:78:in `catch'
    /Users/mnelson/.rvm/gems/ree-1.8.7-2012.01@mockery2/gems/thin-1.4.1/lib/thin/connection.rb:78:in `pre_process'
    /Users/mnelson/.rvm/gems/ree-1.8.7-2012.01@mockery2/gems/thin-1.4.1/lib/thin/connection.rb:53:in `process'
    /Users/mnelson/.rvm/gems/ree-1.8.7-2012.01@mockery2/gems/thin-1.4.1/lib/thin/connection.rb:38:in `receive_data'
    /Users/mnelson/.rvm/gems/ree-1.8.7-2012.01@mockery2/gems/eventmachine-0.12.10/lib/eventmachine.rb:256:in `run_machine'
    /Users/mnelson/.rvm/gems/ree-1.8.7-2012.01@mockery2/gems/eventmachine-0.12.10/lib/eventmachine.rb:256:in `run'
    /Users/mnelson/.rvm/gems/ree-1.8.7-2012.01@mockery2/gems/thin-1.4.1/lib/thin/backends/base.rb:63:in `start'
    /Users/mnelson/.rvm/gems/ree-1.8.7-2012.01@mockery2/gems/thin-1.4.1/lib/thin/server.rb:159:in `start'
    /Users/mnelson/.rvm/gems/ree-1.8.7-2012.01@mockery2/gems/thin-1.4.1/lib/thin/controllers/controller.rb:86:in `start'
    /Users/mnelson/.rvm/gems/ree-1.8.7-2012.01@mockery2/gems/thin-1.4.1/lib/thin/runner.rb:185:in `send'
    /Users/mnelson/.rvm/gems/ree-1.8.7-2012.01@mockery2/gems/thin-1.4.1/lib/thin/runner.rb:185:in `run_command'
    /Users/mnelson/.rvm/gems/ree-1.8.7-2012.01@mockery2/gems/thin-1.4.1/lib/thin/runner.rb:151:in `run!'
    /Users/mnelson/.rvm/gems/ree-1.8.7-2012.01@mockery2/gems/thin-1.4.1/bin/thin:6
    /Users/mnelson/.rvm/gems/ree-1.8.7-2012.01@mockery2/bin/thin:19:in `load'
    /Users/mnelson/.rvm/gems/ree-1.8.7-2012.01@mockery2/bin/thin:19
Dalli::Server#connect localhost:11211


Processing UsersController#account (for 127.0.0.1 at 2012-07-03 16:15:52) [GET]
  Parameters: {"id"=>"1"}
  [4;36;1mUser Load (0.1ms)[0m   [0;1mSELECT * FROM "users" WHERE ("users"."id" = 1) [0m
Rendering users/account
Completed in 6ms (View: 3, DB: 0) | 200 OK [http://localhost/users/1/account]
Dalli::Server#connect localhost:11211


Processing UsersController#account (for 127.0.0.1 at 2012-07-03 16:16:01) [GET]
  Parameters: {"id"=>"1"}
  [4;35;1mUser Load (0.1ms)[0m   [0mSELECT * FROM "users" WHERE ("users"."id" = 1) [0m
Rendering users/account
Completed in 4ms (View: 1, DB: 0) | 200 OK [http://localhost/users/1/account]
Dalli::Server#connect localhost:11211


Processing UsersController#account (for 127.0.0.1 at 2012-07-03 16:18:51) [GET]
  Parameters: {"id"=>"1"}
  [4;36;1mUser Load (0.1ms)[0m   [0;1mSELECT * FROM "users" WHERE ("users"."id" = 1) [0m
Rendering users/account
Completed in 7ms (View: 3, DB: 0) | 200 OK [http://localhost/users/1/account]
Dalli::Server#connect localhost:11211
Dalli::Server#connect localhost:11211
Dalli::Server#connect localhost:11211
Dalli::Server#connect localhost:11211


Processing UsersController#account (for 127.0.0.1 at 2012-07-03 16:40:12) [GET]
  Parameters: {"id"=>"1"}
  [4;36;1mUser Load (0.1ms)[0m   [0;1mSELECT * FROM "users" WHERE ("users"."id" = 1) [0m
Rendering users/account
Completed in 7ms (View: 4, DB: 0) | 200 OK [http://localhost/users/1/account]
Marshalling error for key '/users/1/account': no marshal_dump is defined for class Method
You are trying to cache a Ruby object which cannot be serialized to memcached.
/Users/mnelson/.rvm/gems/ree-1.8.7-2012.01@mockery2/gems/dalli-1.0.5/lib/dalli/server.rb:261:in `dump'
	/Users/mnelson/.rvm/gems/ree-1.8.7-2012.01@mockery2/gems/dalli-1.0.5/lib/dalli/server.rb:261:in `serialize'
	/Users/mnelson/.rvm/gems/ree-1.8.7-2012.01@mockery2/gems/dalli-1.0.5/lib/dalli/server.rb:154:in `set'
	/Users/mnelson/.rvm/gems/ree-1.8.7-2012.01@mockery2/gems/dalli-1.0.5/lib/dalli/server.rb:45:in `send'
	/Users/mnelson/.rvm/gems/ree-1.8.7-2012.01@mockery2/gems/dalli-1.0.5/lib/dalli/server.rb:45:in `request'
	/Users/mnelson/.rvm/gems/ree-1.8.7-2012.01@mockery2/gems/dalli-1.0.5/lib/dalli/options.rb:18:in `request'
	/Users/mnelson/.rvm/rubies/ree-1.8.7-2012.01/lib/ruby/1.8/monitor.rb:242:in `synchronize'
	/Users/mnelson/.rvm/gems/ree-1.8.7-2012.01@mockery2/gems/dalli-1.0.5/lib/dalli/options.rb:17:in `request'
	/Users/mnelson/.rvm/gems/ree-1.8.7-2012.01@mockery2/gems/dalli-1.0.5/lib/dalli/client.rb:240:in `perform'
	/Users/mnelson/.rvm/gems/ree-1.8.7-2012.01@mockery2/gems/dalli-1.0.5/lib/dalli/client.rb:126:in `set'
	/Users/mnelson/projects/gems/storehouse/lib/storehouse/adapter/dalli.rb:28:in `write'
	/Users/mnelson/projects/gems/storehouse/lib/storehouse/middleware.rb:21:in `call'
	/Users/mnelson/.rvm/gems/ree-1.8.7-2012.01@mockery2/gems/actionpack-2.3.14/lib/action_controller/string_coercion.rb:25:in `call'
	/Users/mnelson/.rvm/gems/ree-1.8.7-2012.01@mockery2/gems/rack-1.1.3/lib/rack/head.rb:9:in `call'
	/Users/mnelson/.rvm/gems/ree-1.8.7-2012.01@mockery2/gems/rack-1.1.3/lib/rack/methodoverride.rb:24:in `call'
	/Users/mnelson/.rvm/gems/ree-1.8.7-2012.01@mockery2/gems/actionpack-2.3.14/lib/action_controller/params_parser.rb:15:in `call'
	/Users/mnelson/.rvm/gems/ree-1.8.7-2012.01@mockery2/gems/actionpack-2.3.14/lib/action_controller/session/cookie_store.rb:99:in `call'
	/Users/mnelson/.rvm/gems/ree-1.8.7-2012.01@mockery2/gems/actionpack-2.3.14/lib/action_controller/failsafe.rb:26:in `call'
	/Users/mnelson/.rvm/gems/ree-1.8.7-2012.01@mockery2/gems/rack-1.1.3/lib/rack/lock.rb:11:in `call'
	/Users/mnelson/.rvm/gems/ree-1.8.7-2012.01@mockery2/gems/rack-1.1.3/lib/rack/lock.rb:11:in `synchronize'
	/Users/mnelson/.rvm/gems/ree-1.8.7-2012.01@mockery2/gems/rack-1.1.3/lib/rack/lock.rb:11:in `call'
	/Users/mnelson/.rvm/gems/ree-1.8.7-2012.01@mockery2/gems/actionpack-2.3.14/lib/action_controller/dispatcher.rb:114:in `call'
	/Users/mnelson/.rvm/gems/ree-1.8.7-2012.01@mockery2/gems/actionpack-2.3.14/lib/action_controller/reloader.rb:34:in `run'
	/Users/mnelson/.rvm/gems/ree-1.8.7-2012.01@mockery2/gems/actionpack-2.3.14/lib/action_controller/dispatcher.rb:108:in `call'
	/Users/mnelson/.rvm/gems/ree-1.8.7-2012.01@mockery2/gems/thin-1.4.1/lib/rack/adapter/rails.rb:69:in `call'
	/Users/mnelson/.rvm/gems/ree-1.8.7-2012.01@mockery2/gems/thin-1.4.1/lib/thin/connection.rb:80:in `pre_process'
	/Users/mnelson/.rvm/gems/ree-1.8.7-2012.01@mockery2/gems/thin-1.4.1/lib/thin/connection.rb:78:in `catch'
	/Users/mnelson/.rvm/gems/ree-1.8.7-2012.01@mockery2/gems/thin-1.4.1/lib/thin/connection.rb:78:in `pre_process'
	/Users/mnelson/.rvm/gems/ree-1.8.7-2012.01@mockery2/gems/thin-1.4.1/lib/thin/connection.rb:53:in `process'
	/Users/mnelson/.rvm/gems/ree-1.8.7-2012.01@mockery2/gems/thin-1.4.1/lib/thin/connection.rb:38:in `receive_data'
	/Users/mnelson/.rvm/gems/ree-1.8.7-2012.01@mockery2/gems/eventmachine-0.12.10/lib/eventmachine.rb:256:in `run_machine'
	/Users/mnelson/.rvm/gems/ree-1.8.7-2012.01@mockery2/gems/eventmachine-0.12.10/lib/eventmachine.rb:256:in `run'
	/Users/mnelson/.rvm/gems/ree-1.8.7-2012.01@mockery2/gems/thin-1.4.1/lib/thin/backends/base.rb:63:in `start'
	/Users/mnelson/.rvm/gems/ree-1.8.7-2012.01@mockery2/gems/thin-1.4.1/lib/thin/server.rb:159:in `start'
	/Users/mnelson/.rvm/gems/ree-1.8.7-2012.01@mockery2/gems/thin-1.4.1/lib/thin/controllers/controller.rb:86:in `start'
	/Users/mnelson/.rvm/gems/ree-1.8.7-2012.01@mockery2/gems/thin-1.4.1/lib/thin/runner.rb:185:in `send'
	/Users/mnelson/.rvm/gems/ree-1.8.7-2012.01@mockery2/gems/thin-1.4.1/lib/thin/runner.rb:185:in `run_command'
	/Users/mnelson/.rvm/gems/ree-1.8.7-2012.01@mockery2/gems/thin-1.4.1/lib/thin/runner.rb:151:in `run!'
	/Users/mnelson/.rvm/gems/ree-1.8.7-2012.01@mockery2/gems/thin-1.4.1/bin/thin:6
	/Users/mnelson/.rvm/gems/ree-1.8.7-2012.01@mockery2/bin/thin:19:in `load'
	/Users/mnelson/.rvm/gems/ree-1.8.7-2012.01@mockery2/bin/thin:19
Dalli::Server#connect localhost:11211


Processing UsersController#account (for 127.0.0.1 at 2012-07-03 16:40:14) [GET]
  Parameters: {"id"=>"1"}
  [4;35;1mUser Load (0.1ms)[0m   [0mSELECT * FROM "users" WHERE ("users"."id" = 1) [0m
Rendering users/account
Completed in 3ms (View: 1, DB: 0) | 200 OK [http://localhost/users/1/account]
Dalli::Server#connect localhost:11211


Processing UsersController#account (for 127.0.0.1 at 2012-07-03 16:40:19) [GET]
  Parameters: {"id"=>"1"}
  [4;36;1mUser Load (0.1ms)[0m   [0;1mSELECT * FROM "users" WHERE ("users"."id" = 1) [0m
Rendering users/account
Completed in 4ms (View: 1, DB: 0) | 200 OK [http://localhost/users/1/account]
Dalli::Server#connect localhost:11211


Processing UsersController#show (for 127.0.0.1 at 2012-07-03 16:40:27) [GET]
  Parameters: {"id"=>"1"}
  [4;35;1mUser Load (0.1ms)[0m   [0mSELECT * FROM "users" WHERE ("users"."id" = 1) [0m
Rendering users/show
Completed in 8ms (View: 4, DB: 0) | 200 OK [http://localhost/users/1]
Dalli::Server#connect localhost:11211


Processing UsersController#show (for 127.0.0.1 at 2012-07-03 16:40:29) [GET]
  Parameters: {"id"=>"1"}
  [4;36;1mUser Load (0.1ms)[0m   [0;1mSELECT * FROM "users" WHERE ("users"."id" = 1) [0m
Rendering users/show
Completed in 4ms (View: 1, DB: 0) | 200 OK [http://localhost/users/1]
Dalli::Server#connect localhost:11211


Processing UsersController#show (for 127.0.0.1 at 2012-07-03 16:41:31) [GET]
  Parameters: {"id"=>"1"}
  [4;36;1mUser Load (0.1ms)[0m   [0;1mSELECT * FROM "users" WHERE ("users"."id" = 1) [0m
Rendering users/show
Completed in 6ms (View: 3, DB: 0) | 200 OK [http://localhost/users/1]
Dalli::Server#connect localhost:11211


Processing UsersController#show (for 127.0.0.1 at 2012-07-03 16:41:34) [GET]
  Parameters: {"id"=>"1"}
  [4;35;1mUser Load (0.1ms)[0m   [0mSELECT * FROM "users" WHERE ("users"."id" = 1) [0m
Rendering users/show
Completed in 4ms (View: 1, DB: 0) | 200 OK [http://localhost/users/1]
Dalli::Server#connect localhost:11211
Dalli::Server#connect localhost:11211


Processing UsersController#index (for 127.0.0.1 at 2012-07-03 16:43:56) [GET]
  [4;36;1mUser Load (0.4ms)[0m   [0;1mSELECT * FROM "users" [0m
Rendering users/index
Completed in 6ms (View: 4, DB: 0) | 200 OK [http://localhost/users]
Dalli::Server#connect localhost:11211


Processing UsersController#index (for 127.0.0.1 at 2012-07-03 16:43:58) [GET]
  [4;35;1mUser Load (0.3ms)[0m   [0mSELECT * FROM "users" [0m
Rendering users/index
Completed in 4ms (View: 1, DB: 0) | 200 OK [http://localhost/users]
Dalli::Server#connect localhost:11211
